\BOOKMARK [0][-]{chapter*.1}{\376\377\000A\000b\000s\000t\000r\000a\000c\000t}{}% 1
\BOOKMARK [0][-]{chapter*.3}{\376\377\000L\000i\000s\000t\000\040\000o\000f\000\040\000F\000i\000g\000u\000r\000e\000s}{}% 2
\BOOKMARK [0][-]{chapter*.4}{\376\377\000L\000i\000s\000t\000\040\000o\000f\000\040\000T\000a\000b\000l\000e\000s}{}% 3
\BOOKMARK [0][-]{chapter.1}{\376\377\000O\000v\000e\000r\000v\000i\000e\000w}{}% 4
\BOOKMARK [1][-]{subsection.1.0.1}{\376\377\000T\000h\000e\000\040\000T\000a\000x\000p\000a\000y\000e\000r\000s\000'\000\040\000B\000i\000l\000l\000\040\000o\000f\000\040\000R\000i\000g\000h\000t\000s}{chapter.1}% 5
\BOOKMARK [2][-]{subsection.1.0.2}{\376\377\000W\000h\000a\000t\000\040\000i\000s\000\040\000t\000h\000e\000\040\000P\000u\000r\000p\000o\000s\000e\000\040\000o\000f\000\040\000t\000h\000i\000s\000\040\000I\000n\000q\000u\000i\000r\000y\000?}{subsection.1.0.1}% 6
\BOOKMARK [2][-]{subsection.1.0.3}{\376\377\000W\000h\000a\000t\000\040\000i\000s\000\040\000t\000h\000e\000\040\000V\000a\000l\000u\000e\000\040\000A\000d\000d\000e\000d\000?}{subsection.1.0.1}% 7
\BOOKMARK [2][-]{subsection.1.0.4}{\376\377\000W\000h\000a\000t\000\040\000i\000s\000\040\000t\000h\000e\000\040\000S\000p\000a\000t\000i\000a\000l\000\040\000S\000c\000o\000p\000e\000\040\000o\000f\000\040\000A\000n\000a\000l\000y\000s\000i\000s\000?}{subsection.1.0.1}% 8
\BOOKMARK [2][-]{subsection.1.0.5}{\376\377\000W\000h\000a\000t\000\040\000i\000s\000\040\000t\000h\000e\000\040\000S\000i\000g\000n\000i\000f\000i\000c\000a\000n\000c\000e\000\040\000o\000f\000\040\000t\000h\000e\000\040\000S\000t\000u\000d\000y\000\040\000P\000e\000r\000i\000o\000d\000?}{subsection.1.0.1}% 9
\BOOKMARK [2][-]{subsection.1.0.6}{\376\377\000A\000\040\000W\000o\000r\000d\000\040\000o\000n\000\040\000T\000E\000L\000s\000\040\000a\000s\000\040\000a\000n\000\040\000I\000n\000s\000t\000r\000u\000m\000e\000n\000t\000\040\000o\000f\000\040\000D\000e\000m\000o\000c\000r\000a\000c\000y}{subsection.1.0.1}% 10
\BOOKMARK [1][-]{section.1.1}{\376\377\000L\000a\000y\000o\000u\000t\000\040\000o\000f\000\040\000t\000h\000e\000\040\000I\000n\000q\000u\000i\000r\000y}{chapter.1}% 11
\BOOKMARK [0][-]{chapter.2}{\376\377\000S\000u\000b\000n\000a\000t\000i\000o\000n\000a\000l\000\040\000F\000i\000n\000a\000n\000c\000e\000\040\000i\000n\000\040\000t\000h\000e\000\040\000U\000n\000i\000t\000e\000d\000\040\000S\000t\000a\000t\000e\000s}{}% 12
\BOOKMARK [1][-]{section.2.1}{\376\377\000W\000h\000y\000\040\000a\000r\000e\000\040\000t\000h\000e\000\040\000F\000i\000s\000c\000a\000l\000\040\000A\000f\000f\000a\000i\000r\000s\000\040\000o\000f\000\040\000S\000t\000a\000t\000e\000s\000\040\000a\000n\000d\000\040\000L\000o\000c\000a\000l\000i\000t\000i\000e\000s\000\040\000I\000m\000p\000o\000r\000t\000a\000n\000t\000?}{chapter.2}% 13
\BOOKMARK [2][-]{subsection.2.1.1}{\376\377\000W\000h\000a\000t\000\040\000N\000o\000r\000m\000a\000t\000i\000v\000e\000\040\000O\000b\000j\000e\000c\000t\000i\000v\000e\000s\000\040\000S\000h\000o\000u\000l\000d\000\040\000b\000e\000\040\000P\000u\000r\000s\000u\000e\000d\000\040\000i\000n\000\040\000a\000\040\000S\000y\000s\000t\000e\000m\000\040\000o\000f\000\040\000S\000u\000b\000n\000a\000t\000i\000o\000n\000a\000l\000\040\000F\000i\000n\000a\000n\000c\000e\000?}{section.2.1}% 14
\BOOKMARK [3][-]{subsubsection.2.1.1.1}{\376\377\000T\000h\000e\000\040\000I\000m\000p\000o\000r\000t\000a\000n\000c\000e\000\040\000o\000f\000\040\000L\000o\000c\000a\000l\000\040\000A\000u\000t\000o\000n\000o\000m\000y}{subsection.2.1.1}% 15
\BOOKMARK [3][-]{subsubsection.2.1.1.2}{\376\377\000L\000o\000c\000a\000l\000\040\000T\000a\000x\000\040\000D\000e\000s\000i\000g\000n}{subsection.2.1.1}% 16
\BOOKMARK [3][-]{subsubsection.2.1.1.3}{\376\377\000D\000u\000a\000l\000i\000t\000y\000\040\000i\000n\000\040\000P\000u\000b\000l\000i\000c\000\040\000F\000i\000n\000a\000n\000c\000e}{subsection.2.1.1}% 17
\BOOKMARK [1][-]{section.2.2}{\376\377\000W\000h\000a\000t\000\040\000d\000o\000e\000s\000\040\000S\000u\000b\000n\000a\000t\000i\000o\000n\000a\000l\000\040\000F\000i\000n\000a\000n\000c\000e\000\040\000L\000o\000o\000k\000\040\000L\000i\000k\000e\000\040\000i\000n\000\040\000P\000r\000a\000c\000t\000i\000c\000e\000?}{chapter.2}% 18
\BOOKMARK [2][-]{subsection.2.2.1}{\376\377\000T\000h\000e\000\040\000E\000c\000o\000n\000o\000m\000i\000c\000\040\000S\000i\000g\000n\000i\000f\000i\000c\000a\000n\000c\000e\000\040\000o\000f\000\040\000t\000h\000e\000\040\000S\000t\000a\000t\000e\000\040\000a\000n\000d\000\040\000L\000o\000c\000a\000l\000\040\000G\000o\000v\000e\000r\000n\000m\000e\000n\000t\000\040\000S\000e\000c\000t\000o\000r}{section.2.2}% 19
\BOOKMARK [2][-]{subsection.2.2.2}{\376\377\000T\000h\000e\000\040\000R\000o\000l\000e\000\040\000o\000f\000\040\000t\000h\000e\000\040\000P\000r\000o\000p\000e\000r\000t\000y\000\040\000T\000a\000x\000\040\000i\000n\000\040\000F\000i\000n\000a\000n\000c\000i\000n\000g\000\040\000L\000o\000c\000a\000l\000\040\000G\000o\000v\000e\000r\000n\000m\000e\000n\000t}{section.2.2}% 20
\BOOKMARK [2][-]{subsection.2.2.3}{\376\377\000G\000r\000o\000w\000t\000h\000\040\000a\000n\000d\000\040\000V\000o\000l\000a\000t\000i\000l\000i\000t\000y\000\040\000F\000a\000c\000t\000o\000r\000s\000\040\000i\000n\000\040\000L\000o\000c\000a\000l\000\040\000P\000u\000b\000l\000i\000c\000\040\000F\000i\000n\000a\000n\000c\000e}{section.2.2}% 21
\BOOKMARK [2][-]{subsection.2.2.4}{\376\377\000T\000h\000e\000\040\000I\000m\000p\000o\000r\000t\000a\000n\000c\000e\000\040\000o\000f\000\040\000D\000e\000m\000o\000g\000r\000a\000p\000h\000y}{section.2.2}% 22
\BOOKMARK [2][-]{subsection.2.2.5}{\376\377\000T\000h\000e\000\040\000E\000v\000o\000l\000u\000t\000i\000o\000n\000\040\000o\000f\000\040\000t\000h\000e\000\040\000E\000c\000o\000n\000o\000m\000y}{section.2.2}% 23
\BOOKMARK [2][-]{subsection.2.2.6}{\376\377\000M\000a\000c\000r\000o\000e\000c\000o\000n\000o\000m\000i\000c\000\040\000E\000v\000e\000n\000t\000s}{section.2.2}% 24
\BOOKMARK [1][-]{section.2.3}{\376\377\000M\000o\000t\000i\000v\000a\000t\000i\000o\000n\000s\000\040\000f\000o\000r\000\040\000L\000i\000m\000i\000t\000i\000n\000g\000\040\000t\000h\000e\000\040\000P\000r\000o\000p\000e\000r\000t\000y\000\040\000T\000a\000x}{chapter.2}% 25
\BOOKMARK [2][-]{subsection.2.3.1}{\376\377\000T\000h\000e\000\040\000A\000r\000g\000u\000m\000e\000n\000t\000\040\000A\000g\000a\000i\000n\000s\000t\000\040\000t\000h\000e\000\040\000P\000r\000o\000p\000e\000r\000t\000y\000\040\000T\000a\000x}{section.2.3}% 26
\BOOKMARK [3][-]{subsubsection.2.3.1.1}{\376\377\000L\000a\000c\000k\000\040\000o\000f\000\040\000U\000n\000i\000f\000o\000r\000m\000i\000t\000y}{subsection.2.3.1}% 27
\BOOKMARK [3][-]{subsubsection.2.3.1.2}{\376\377\000L\000a\000c\000k\000\040\000o\000f\000\040\000U\000n\000i\000v\000e\000r\000s\000a\000l\000i\000t\000y}{subsection.2.3.1}% 28
\BOOKMARK [3][-]{subsubsection.2.3.1.3}{\376\377\000I\000n\000c\000e\000n\000t\000i\000v\000e\000\040\000f\000o\000r\000\040\000D\000i\000s\000h\000o\000n\000e\000s\000t\000y}{subsection.2.3.1}% 29
\BOOKMARK [3][-]{subsubsection.2.3.1.4}{\376\377\000R\000e\000g\000r\000e\000s\000s\000i\000v\000i\000t\000y}{subsection.2.3.1}% 30
\BOOKMARK [3][-]{subsubsection.2.3.1.5}{\376\377\000D\000o\000u\000b\000l\000e\000\040\000T\000a\000x\000a\000t\000i\000o\000n}{subsection.2.3.1}% 31
\BOOKMARK [3][-]{subsubsection.2.3.1.6}{\376\377\000P\000e\000r\000i\000o\000d\000i\000c\000i\000t\000y}{subsection.2.3.1}% 32
\BOOKMARK [2][-]{subsection.2.3.2}{\376\377\000T\000h\000e\000\040\000A\000r\000g\000u\000m\000e\000n\000t\000\040\000F\000o\000r\000\040\000t\000h\000e\000\040\000P\000r\000o\000p\000e\000r\000t\000y\000\040\000T\000a\000x}{section.2.3}% 33
\BOOKMARK [1][-]{section.2.4}{\376\377\000W\000h\000a\000t\000\040\000a\000r\000e\000\040\000F\000i\000s\000c\000a\000l\000\040\000I\000n\000s\000t\000i\000t\000u\000t\000i\000o\000n\000s\000?}{chapter.2}% 34
\BOOKMARK [2][-]{subsection.2.4.1}{\376\377\000T\000a\000x\000\040\000a\000n\000d\000\040\000E\000x\000p\000e\000n\000d\000i\000t\000u\000r\000e\000\040\000L\000i\000m\000i\000t\000a\000t\000i\000o\000n\000s}{section.2.4}% 35
\BOOKMARK [1][-]{section.2.5}{\376\377\000D\000o\000\040\000T\000E\000L\000s\000\040\000A\000l\000t\000e\000r\000\040\000L\000o\000c\000a\000l\000\040\000F\000i\000s\000c\000a\000l\000\040\000B\000e\000h\000a\000v\000i\000o\000r\000?}{chapter.2}% 36
\BOOKMARK [2][-]{subsection.2.5.1}{\376\377\000R\000e\000v\000e\000n\000u\000e\000\040\000I\000m\000p\000l\000i\000c\000a\000t\000i\000o\000n\000s}{section.2.5}% 37
\BOOKMARK [2][-]{subsection.2.5.2}{\376\377\000E\000x\000p\000e\000n\000d\000i\000t\000u\000r\000e\000\040\000I\000m\000p\000l\000i\000c\000a\000t\000i\000o\000n\000s}{section.2.5}% 38
\BOOKMARK [0][-]{chapter.3}{\376\377\000F\000i\000s\000c\000a\000l\000\040\000B\000e\000h\000a\000v\000i\000o\000r\000\040\000i\000n\000\040\000C\000o\000l\000o\000r\000a\000d\000o\000F\000o\000r\000\040\000l\000o\000n\000g\000-\000t\000e\000r\000m\000\040\000p\000r\000i\000c\000e\000\040\000c\000h\000a\000n\000g\000e\000s\000,\000\040\000t\000h\000i\000s\000\040\000a\000n\000a\000l\000y\000s\000i\000s\000\040\000u\000s\000e\000s\000\040\000t\000h\000e\000\040\000C\000h\000a\000i\000n\000e\000d\000\040\000P\000e\000r\000s\000o\000n\000a\000l\000\040\000C\000o\000n\000s\000u\000m\000e\000r\000\040\000E\000x\000p\000e\000n\000d\000i\000t\000u\000r\000e\000s\000\040\000I\000n\000d\000e\000x\000.\000\040\000T\000h\000e\000\040\000p\000r\000i\000m\000a\000r\000y\000\040\000r\000e\000a\000s\000o\000n\000\040\000i\000s\000\040\000t\000h\000a\000t\000\040\000t\000h\000e\000\040\000P\000C\000E\000,\000\040\000i\000n\000\040\000c\000o\000n\000t\000r\000a\000s\000t\000\040\000t\000o\000\040\000t\000h\000e\000\040\000C\000o\000n\000s\000u\000m\000e\000r\000\040\000P\000r\000i\000c\000e\000\040\000I\000n\000d\000e\000x\000,\000\040\000a\000c\000c\000o\000u\000n\000t\000s\000\040\000f\000o\000r\000\040\000c\000h\000a\000n\000g\000e\000s\000\040\000i\000n\000\040\000t\000h\000e\000\040\000b\000a\000s\000k\000e\000t\000\040\000o\000f\000\040\000c\000o\000n\000s\000u\000m\000e\000d\000\040\000g\000o\000o\000d\000s\000\040\000o\000v\000e\000r\000\040\000t\000i\000m\000e\000\040\000a\000n\000d\000\040\000s\000u\000b\000s\000t\000i\000t\000u\000t\000i\000o\000n\000\040\000f\000o\000r\000\040\000l\000e\000s\000s\000\040\000e\000x\000p\000e\000n\000s\000i\000v\000e\000\040\000a\000l\000t\000e\000r\000n\000a\000t\000i\000v\000e\000s\000\040\000w\000h\000e\000n\000\040\000t\000h\000e\000\040\000p\000r\000i\000c\000e\000\040\000o\000f\000\040\000a\000\040\000p\000a\000r\000t\000i\000c\000u\000l\000a\000r\000\040\000g\000o\000o\000d\000\040\000i\000n\000c\000r\000e\000a\000s\000e\000s\000.\000F\000O\000M\000C\0002\0000\0000\0000}{}% 39
\BOOKMARK [1][-]{section.3.1}{\376\377\000W\000h\000i\000c\000h\000\040\000S\000o\000c\000i\000o\000e\000c\000o\000n\000o\000m\000i\000c\000\040\000D\000y\000n\000a\000m\000i\000c\000s\000\040\000C\000h\000a\000r\000a\000c\000t\000e\000r\000i\000z\000e\000\040\000t\000h\000e\000\040\000S\000t\000u\000d\000y\000\040\000P\000e\000r\000i\000o\000d\000\040\000\050\0001\0009\0009\0003\000-\0002\0000\0000\0009\000\051\000?}{chapter.3}% 40
\BOOKMARK [1][-]{section.3.2}{\376\377\000W\000h\000i\000c\000h\000\040\000R\000e\000v\000e\000n\000u\000e\000\040\000S\000o\000u\000r\000c\000e\000s\000\040\000a\000r\000e\000\040\000E\000m\000p\000l\000o\000y\000e\000d\000?}{chapter.3}% 41
\BOOKMARK [1][-]{section.3.3}{\376\377\000W\000h\000i\000c\000h\000\040\000E\000x\000p\000e\000n\000d\000i\000t\000u\000r\000e\000\040\000R\000e\000s\000p\000o\000n\000s\000i\000b\000i\000l\000i\000t\000i\000e\000s\000\040\000E\000x\000i\000s\000t\000?}{chapter.3}% 42
\BOOKMARK [1][-]{section.3.4}{\376\377\000W\000h\000a\000t\000\040\000i\000s\000\040\000t\000h\000e\000\040\000T\000E\000L\000\040\000L\000a\000n\000d\000s\000c\000a\000p\000e\000\040\000i\000n\000\040\000C\000o\000l\000o\000r\000a\000d\000o\000?}{chapter.3}% 43
\BOOKMARK [2][-]{subsection.3.4.1}{\376\377\000T\000a\000x\000p\000a\000y\000e\000r\000'\000s\000\040\000B\000i\000l\000l\000\040\000o\000f\000\040\000R\000i\000g\000h\000t\000s}{section.3.4}% 44
\BOOKMARK [3][-]{subsubsection.3.4.1.1}{\376\377\000D\000e\000B\000r\000u\000c\000i\000n\000g}{subsection.3.4.1}% 45
\BOOKMARK [2][-]{subsection.3.4.2}{\376\377\000S\000t\000a\000t\000e\000w\000i\000d\000e\000\040\000L\000i\000m\000i\000t\000a\000t\000i\000o\000n\000\040\000o\000f\000\040\000P\000r\000o\000p\000e\000r\000t\000y\000\040\000T\000a\000x\000\040\000R\000e\000v\000e\000n\000u\000e}{section.3.4}% 46
\BOOKMARK [2][-]{subsection.3.4.3}{\376\377\000G\000a\000l\000l\000a\000g\000h\000e\000r\000\040\000A\000m\000e\000n\000d\000m\000e\000n\000t}{section.3.4}% 47
\BOOKMARK [0][-]{chapter.4}{\376\377\000M\000e\000t\000h\000o\000d\000o\000l\000o\000g\000i\000c\000a\000l\000\040\000I\000n\000n\000o\000v\000a\000t\000i\000o\000n\000s}{}% 48
\BOOKMARK [1][-]{section.4.1}{\376\377\000H\000o\000w\000\040\000a\000r\000e\000\040\000T\000E\000L\000s\000\040\000O\000p\000e\000r\000a\000t\000i\000o\000n\000a\000l\000i\000z\000e\000d\000\040\000i\000n\000\040\000t\000h\000i\000s\000\040\000S\000t\000u\000d\000y\000?}{chapter.4}% 49
\BOOKMARK [2][-]{subsection.4.1.1}{\376\377\000T\000A\000B\000O\000R\000\040\000a\000n\000d\000\040\000S\000L\000P\000T\000R\000\040\000-\000\040\000A\000\040\000C\000o\000m\000p\000o\000s\000i\000t\000e\000\040\000C\000O\000T\000E\000L\000\040\000I\000n\000t\000e\000n\000s\000i\000t\000y\000\040\000M\000e\000a\000s\000u\000r\000e}{section.4.1}% 50
\BOOKMARK [2][-]{subsection.4.1.2}{\376\377\000T\000h\000e\000\040\000G\000a\000l\000l\000a\000g\000h\000e\000r\000\040\000R\000a\000t\000i\000o}{section.4.1}% 51
\BOOKMARK [1][-]{section.4.2}{\376\377\000T\000h\000e\000\040\000I\000m\000p\000l\000i\000c\000a\000t\000i\000o\000n\000s\000\040\000o\000f\000\040\000S\000p\000a\000c\000e}{chapter.4}% 52
\BOOKMARK [2][-]{subsection.4.2.1}{\376\377\000S\000p\000a\000c\000e\000\040\000a\000s\000\040\000a\000\040\000F\000a\000c\000t\000o\000r\000\040\000i\000n\000\040\000I\000n\000f\000e\000r\000e\000n\000c\000e}{section.4.2}% 53
\BOOKMARK [2][-]{subsection.4.2.2}{\376\377\000S\000p\000a\000c\000e\000\040\000a\000s\000\040\000a\000\040\000F\000a\000c\000t\000o\000r\000\040\000i\000n\000\040\000P\000u\000b\000l\000i\000c\000\040\000F\000i\000n\000a\000n\000c\000i\000a\000l\000\040\000T\000h\000e\000o\000r\000y}{section.4.2}% 54
\BOOKMARK [0][-]{chapter.5}{\376\377\000I\000m\000p\000l\000i\000c\000a\000t\000i\000o\000n\000s\000\040\000f\000o\000r\000\040\000R\000e\000v\000e\000n\000u\000e\000\040\000Y\000i\000e\000l\000d\000\040\000a\000n\000d\000\040\000C\000a\000p\000a\000c\000i\000t\000y}{}% 55
\BOOKMARK [1][-]{section.5.1}{\376\377\000I\000n\000t\000r\000o\000d\000u\000c\000t\000i\000o\000n}{chapter.5}% 56
\BOOKMARK [1][-]{section.5.2}{\376\377\000W\000h\000a\000t\000\040\000i\000s\000\040\000t\000h\000e\000\040\000S\000i\000g\000n\000i\000f\000i\000c\000a\000n\000c\000e\000\040\000o\000f\000\040\000R\000e\000v\000e\000n\000u\000e\000\040\000Y\000i\000e\000l\000d\000\040\000a\000n\000d\000\040\000C\000a\000p\000a\000c\000i\000t\000y\000?\000A\000s\000\040\000u\000s\000e\000d\000\040\000h\000e\000r\000e\000,\000\040\000r\000e\000v\000e\000n\000u\000e\000\040\000y\000i\000e\000l\000d\000\040\000s\000i\000g\000n\000i\000f\000i\000e\000s\000\040\000t\000h\000e\000\040\000a\000c\000t\000u\000a\000l\000,\000\040\000r\000e\000a\000l\000i\000z\000e\000d\000\040\000r\000e\000v\000e\000n\000u\000e\000\040\000c\000o\000l\000l\000e\000c\000t\000e\000d\000\040\000b\000y\000\040\000a\000\040\000g\000i\000v\000e\000n\000\040\000j\000u\000r\000i\000s\000d\000i\000c\000t\000i\000o\000n\000.\000\040\000R\000e\000v\000e\000n\000u\000e\000\040\000c\000a\000p\000a\000c\000i\000t\000y\000,\000\040\000b\000y\000\040\000c\000o\000n\000t\000r\000a\000s\000t\000,\000\040\000c\000a\000p\000t\000u\000r\000e\000s\000\040\000t\000h\000e\000\040\000e\000c\000o\000n\000o\000m\000i\000c\000\040\000p\000o\000t\000e\000n\000t\000i\000a\000l\000\040\000o\000f\000\040\000t\000h\000e\000\040\000t\000a\000x\000\040\000b\000a\000s\000e\000.\000\040\000W\000e\000\040\000m\000a\000y\000\040\000t\000h\000i\000n\000k\000\040\000o\000f\000\040\000t\000h\000i\000s\000\040\000c\000o\000n\000c\000e\000p\000t\000\040\000a\000s\000\040\000t\000h\000e\000\040\000a\000b\000s\000t\000r\000a\000c\000t\000\040\000r\000e\000v\000e\000n\000u\000e\000\040\000y\000i\000e\000l\000d\000\040\000f\000o\000r\000\040\000a\000\040\000g\000i\000v\000e\000n\000\040\000c\000o\000u\000n\000t\000y\000\040\000a\000t\000\040\000s\000o\000m\000e\000\040\000s\000t\000a\000n\000d\000a\000r\000d\000\040\000l\000e\000v\000e\000l\000\040\000o\000f\000\040\000t\000a\000x\000\040\000e\000f\000f\000o\000r\000t\000.\000\040\000I\000f\000,\000\040\000f\000o\000r\000\040\000e\000x\000a\000m\000p\000l\000e\000,\000\040\000t\000h\000e\000\040\000p\000r\000o\000p\000e\000r\000t\000y\000\040\000i\000n\000\040\000c\000o\000u\000n\000t\000y\000\040\000A\000\040\000i\000s\000\040\000m\000o\000r\000e\000\040\000e\000x\000p\000e\000n\000s\000i\000v\000e\000\040\000t\000h\000a\000n\000\040\000t\000h\000e\000\040\000p\000r\000o\000p\000e\000r\000t\000y\000\040\000i\000n\000\040\000c\000o\000u\000n\000t\000y\000\040\000B\000,\000\040\000c\000o\000u\000n\000t\000y\000\040\000A\000\040\000c\000a\000n\000\040\000c\000o\000l\000l\000e\000c\000t\000\040\000m\000o\000r\000e\000\040\000r\000e\000v\000e\000n\000u\000e\000\040\000t\000h\000a\000n\000\040\000c\000o\000u\000n\000t\000y\000\040\000B\000\040\000w\000i\000t\000h\000\040\000t\000h\000e\000\040\000s\000a\000m\000e\000\040\000l\000e\000v\000e\000l\000\040\000o\000f\000\040\000t\000a\000x\000\040\000e\000f\000f\000o\000r\000t\000.\000\040\000I\000n\000\040\000t\000h\000i\000s\000\040\000e\000x\000a\000m\000p\000l\000e\000,\000\040\000c\000o\000u\000n\000t\000y\000\040\000A\000\040\000h\000a\000s\000\040\000g\000r\000e\000a\000t\000e\000r\000\040\000r\000e\000v\000e\000n\000u\000e\000\040\000c\000a\000p\000a\000c\000i\000t\000y\000\040\000t\000h\000a\000n\000\040\000c\000o\000u\000n\000t\000y\000\040\000B\000.}{chapter.5}% 57
\BOOKMARK [1][-]{section.5.3}{\376\377\000W\000h\000a\000t\000\040\000i\000s\000\040\000t\000h\000e\000\040\000E\000x\000p\000e\000c\000t\000e\000d\000\040\000I\000m\000p\000a\000c\000t\000\040\000o\000f\000\040\000T\000E\000L\000s\000\040\000o\000n\000\040\000F\000i\000s\000c\000a\000l\000\040\000C\000o\000n\000v\000e\000r\000g\000e\000n\000c\000e\000?}{chapter.5}% 58
\BOOKMARK [1][-]{section.5.4}{\376\377\000H\000o\000w\000\040\000i\000s\000\040\000F\000i\000s\000c\000a\000l\000\040\000C\000l\000u\000s\000t\000e\000r\000i\000n\000g\000\040\000M\000e\000a\000s\000u\000r\000e\000d\000?}{chapter.5}% 59
\BOOKMARK [2][-]{subsection.5.4.1}{\376\377\000D\000o\000e\000s\000\040\000F\000i\000s\000c\000a\000l\000\040\000C\000l\000u\000s\000t\000e\000r\000i\000n\000g\000\040\000O\000c\000c\000u\000r\000\040\000a\000n\000d\000\040\000D\000o\000e\000s\000\040\000i\000t\000\040\000C\000h\000a\000n\000g\000e\000\040\000O\000v\000e\000r\000\040\000T\000i\000m\000e\000?}{section.5.4}% 60
\BOOKMARK [3][-]{subsubsection.5.4.1.1}{\376\377\000W\000e\000i\000g\000h\000t\000\040\000M\000a\000t\000r\000i\000c\000e\000s}{subsection.5.4.1}% 61
\BOOKMARK [3][-]{subsubsection.5.4.1.2}{\376\377\000L\000o\000c\000a\000l\000\040\000I\000n\000d\000i\000c\000a\000t\000o\000r\000s\000\040\000o\000f\000\040\000S\000p\000a\000t\000i\000a\000l\000\040\000A\000u\000t\000o\000c\000o\000r\000r\000e\000l\000a\000t\000i\000o\000n}{subsection.5.4.1}% 62
\BOOKMARK [1][-]{section.5.5}{\376\377\000D\000o\000\040\000T\000E\000L\000s\000\040\000D\000e\000p\000r\000e\000s\000s\000\040\000R\000e\000v\000e\000n\000u\000e\000\040\000Y\000i\000e\000l\000d\000\040\000a\000n\000d\000\040\000C\000a\000p\000a\000c\000i\000t\000y\000?}{chapter.5}% 63
\BOOKMARK [2][-]{subsection.5.5.1}{\376\377\000M\000o\000d\000e\000l\000i\000n\000g\000\040\000A\000p\000p\000r\000o\000a\000c\000h\000e\000s}{section.5.5}% 64
\BOOKMARK [3][-]{subsubsection.5.5.1.1}{\376\377\000E\000c\000o\000n\000o\000m\000e\000t\000r\000i\000c\000s\000\040\000a\000s\000\040\000O\000b\000s\000e\000r\000v\000a\000t\000i\000o\000n}{subsection.5.5.1}% 65
\BOOKMARK [2][-]{subsection.5.5.2}{\376\377\000M\000e\000m\000b\000e\000r\000s\000\040\000o\000f\000\040\000t\000h\000e\000\040\000R\000e\000g\000r\000e\000s\000s\000o\000r\000\040\000S\000e\000t}{section.5.5}% 66
\BOOKMARK [3][-]{subsubsection.5.5.2.1}{\376\377\000V\000a\000r\000i\000a\000b\000l\000e\000\040\000o\000f\000\040\000I\000n\000t\000e\000r\000e\000s\000t}{subsection.5.5.2}% 67
\BOOKMARK [2][-]{subsection.5.5.3}{\376\377\000R\000e\000s\000u\000l\000t\000s}{section.5.5}% 68
\BOOKMARK [3][-]{subsubsection.5.5.3.1}{\376\377\000B\000a\000s\000e\000l\000i\000n\000e\000\040\000E\000s\000t\000i\000m\000a\000t\000i\000o\000n\000\040\000w\000i\000t\000h\000\040\000P\000o\000o\000l\000e\000d\000\040\000O\000r\000d\000i\000n\000a\000r\000y\000\040\000L\000e\000a\000s\000t\000\040\000S\000q\000u\000a\000r\000e\000s}{subsection.5.5.3}% 69
\BOOKMARK [3][-]{subsubsection.5.5.3.2}{\376\377\000E\000v\000a\000l\000u\000a\000t\000i\000n\000g\000\040\000t\000h\000e\000\040\000I\000m\000p\000a\000c\000t\000\040\000o\000n\000\040\000F\000i\000s\000c\000a\000l\000\040\000C\000l\000u\000s\000t\000e\000r\000i\000n\000g\000\040\000w\000i\000t\000h\000\040\000L\000o\000c\000a\000l\000\040\000I\000n\000d\000i\000c\000a\000t\000o\000r\000s\000\040\000o\000f\000\040\000S\000p\000a\000t\000i\000a\000l\000\040\000A\000u\000t\000o\000c\000o\000r\000r\000e\000l\000a\000t\000i\000o\000n\000\040\000\050\000L\000I\000S\000A\000s\000\051}{subsection.5.5.3}% 70
\BOOKMARK [3][-]{subsubsection.5.5.3.3}{\376\377\000I\000n\000c\000o\000r\000p\000o\000r\000a\000t\000i\000n\000g\000\040\000t\000h\000e\000\040\000L\000o\000c\000a\000l\000\040\000N\000e\000i\000g\000h\000b\000o\000r\000h\000o\000o\000d\000\040\000w\000i\000t\000h\000\040\000S\000p\000a\000t\000i\000a\000l\000\040\000L\000a\000g\000s}{subsection.5.5.3}% 71
\BOOKMARK [3][-]{subsubsection.5.5.3.4}{\376\377\000C\000a\000p\000t\000u\000r\000i\000n\000g\000\040\000T\000e\000m\000p\000o\000r\000a\000l\000\040\000D\000e\000p\000e\000n\000d\000e\000n\000c\000y\000\040\000w\000i\000t\000h\000\040\000F\000i\000x\000e\000d\000\040\000E\000f\000f\000e\000c\000t\000s}{subsection.5.5.3}% 72
\BOOKMARK [1][-]{section.5.6}{\376\377\000S\000u\000m\000m\000a\000r\000y\000\040\000o\000f\000\040\000F\000i\000n\000d\000i\000n\000g\000s\000\040\000a\000n\000d\000\040\000C\000o\000n\000c\000l\000u\000s\000i\000o\000n}{chapter.5}% 73
\BOOKMARK [0][-]{chapter.6}{\376\377\000A\000l\000t\000e\000r\000a\000t\000i\000o\000n\000\040\000o\000f\000\040\000E\000x\000p\000e\000n\000d\000i\000t\000u\000r\000e\000\040\000P\000a\000t\000t\000e\000r\000n\000s}{}% 74
\BOOKMARK [1][-]{section.6.1}{\376\377\000I\000n\000t\000r\000o\000d\000u\000c\000t\000i\000o\000n}{chapter.6}% 75
\BOOKMARK [1][-]{section.6.2}{\376\377\000W\000h\000y\000\040\000d\000o\000e\000s\000\040\000a\000\040\000S\000h\000i\000f\000t\000\040\000i\000n\000\040\000E\000x\000p\000e\000n\000d\000i\000t\000u\000r\000e\000\040\000P\000a\000t\000t\000e\000r\000n\000s\000\040\000M\000a\000t\000t\000e\000r\000?}{chapter.6}% 76
\BOOKMARK [2][-]{subsection.6.2.1}{\376\377\000R\000e\000l\000e\000v\000a\000n\000c\000e\000\040\000o\000f\000\040\000T\000i\000e\000b\000o\000u\000t\000\040\000i\000n\000\040\000t\000h\000e\000\040\000C\000O\000T\000E\000L\000\040\000E\000n\000v\000i\000r\000o\000n\000m\000e\000n\000t}{section.6.2}% 77
\BOOKMARK [1][-]{section.6.3}{\376\377\000H\000o\000w\000\040\000a\000r\000e\000\040\000S\000h\000i\000f\000t\000s\000\040\000i\000n\000\040\000E\000x\000p\000e\000n\000d\000i\000t\000u\000r\000e\000\040\000P\000a\000t\000t\000e\000r\000n\000s\000\040\000M\000e\000a\000s\000u\000r\000e\000d\000?}{chapter.6}% 78
\BOOKMARK [2][-]{subsection.6.3.1}{\376\377\000I\000s\000\040\000I\000t\000\040\000R\000e\000a\000s\000o\000n\000a\000b\000l\000e\000\040\000t\000o\000\040\000C\000o\000n\000s\000t\000r\000u\000c\000t\000\040\000C\000o\000u\000n\000t\000e\000r\000f\000a\000c\000t\000u\000a\000l\000s\000\040\000t\000h\000r\000o\000u\000g\000h\000\040\000T\000y\000p\000i\000f\000i\000c\000a\000t\000i\000o\000n\000?}{section.6.3}% 79
\BOOKMARK [2][-]{subsection.6.3.2}{\376\377\000O\000p\000e\000r\000a\000t\000i\000o\000n\000a\000l\000i\000z\000i\000n\000g\000\040\000C\000o\000u\000n\000t\000y\000\040\000T\000y\000p\000e\000s}{section.6.3}% 80
\BOOKMARK [3][-]{subsubsection.6.3.2.1}{\376\377\000D\000e\000f\000i\000n\000i\000n\000g\000\040\000F\000i\000s\000c\000a\000l\000\040\000S\000p\000a\000c\000e}{subsection.6.3.2}% 81
\BOOKMARK [3][-]{subsubsection.6.3.2.2}{\376\377\000I\000d\000e\000n\000t\000i\000f\000y\000i\000n\000g\000\040\000C\000o\000u\000n\000t\000y\000\040\000E\000x\000p\000e\000n\000d\000i\000t\000u\000r\000e\000\040\000T\000y\000p\000e\000s}{subsection.6.3.2}% 82
\BOOKMARK [1][-]{section.6.4}{\376\377\000W\000h\000a\000t\000\040\000i\000s\000\040\000t\000h\000e\000\040\000E\000x\000p\000e\000c\000t\000e\000d\000\040\000I\000m\000p\000a\000c\000t\000\040\000o\000f\000\040\000T\000E\000L\000s\000?}{chapter.6}% 83
\BOOKMARK [1][-]{section.6.5}{\376\377\000D\000o\000\040\000T\000E\000L\000s\000\040\000S\000h\000i\000f\000t\000\040\000P\000a\000t\000t\000e\000r\000n\000s\000\040\000o\000f\000\040\000E\000x\000p\000e\000n\000d\000i\000t\000u\000r\000e\000?}{chapter.6}% 84
\BOOKMARK [2][-]{subsection.6.5.1}{\376\377\000V\000a\000r\000i\000a\000b\000l\000e\000\040\000P\000r\000o\000p\000e\000r\000t\000i\000e\000s}{section.6.5}% 85
\BOOKMARK [2][-]{subsection.6.5.2}{\376\377\000C\000r\000o\000s\000s\000-\000S\000e\000c\000t\000i\000o\000n\000a\000l\000\040\000M\000o\000d\000e\000l\000s}{section.6.5}% 86
\BOOKMARK [3][-]{subsubsection.6.5.2.1}{\376\377\000L\000A\000S\000S\000O\000\040\000R\000e\000g\000r\000e\000s\000s\000i\000o\000n}{subsection.6.5.2}% 87
\BOOKMARK [3][-]{subsubsection.6.5.2.2}{\376\377\000L\000A\000S\000S\000O\000\040\000R\000e\000s\000u\000l\000t\000s}{subsection.6.5.2}% 88
\BOOKMARK [2][-]{subsection.6.5.3}{\376\377\000P\000a\000n\000e\000l\000\040\000A\000n\000a\000l\000y\000s\000i\000s}{section.6.5}% 89
\BOOKMARK [1][-]{section.6.6}{\376\377\000C\000o\000n\000c\000l\000u\000s\000i\000o\000n}{chapter.6}% 90
\BOOKMARK [0][-]{chapter.7}{\376\377\000P\000a\000r\000t\000i\000a\000l\000\040\000R\000e\000v\000e\000l\000a\000t\000i\000o\000n\000\040\000o\000f\000\040\000P\000r\000e\000f\000e\000r\000e\000n\000c\000e\000s\000\040\000v\000i\000a\000\040\000L\000o\000c\000a\000l\000\040\000O\000v\000e\000r\000r\000i\000d\000e\000s\000\040\000\050\000`\000`\000D\000e\000-\000B\000r\000u\000c\000i\000n\000g\000'\000'\000\051}{}% 91
\BOOKMARK [1][-]{section.7.1}{\376\377\000I\000n\000t\000r\000o\000d\000u\000c\000t\000i\000o\000n}{chapter.7}% 92
\BOOKMARK [1][-]{section.7.2}{\376\377\000H\000o\000w\000\040\000C\000a\000n\000\040\000V\000o\000t\000e\000r\000\040\000P\000r\000e\000f\000e\000r\000e\000n\000c\000e\000s\000\040\000b\000e\000\040\000R\000e\000v\000e\000a\000l\000e\000d\000?}{chapter.7}% 93
\BOOKMARK [2][-]{subsection.7.2.1}{\376\377\000T\000h\000e\000\040\000R\000e\000v\000e\000a\000l\000e\000d\000\040\000P\000r\000e\000f\000e\000r\000e\000n\000c\000e\000\040\000C\000o\000n\000s\000t\000r\000u\000c\000t}{section.7.2}% 94
\BOOKMARK [2][-]{subsection.7.2.2}{\376\377\000B\000a\000l\000l\000o\000t\000\040\000I\000n\000i\000t\000i\000a\000t\000i\000v\000e\000s\000\040\000a\000s\000\040\000O\000b\000s\000e\000r\000v\000a\000t\000i\000o\000n\000s\000\040\000o\000f\000\040\000C\000h\000o\000i\000c\000e}{section.7.2}% 95
\BOOKMARK [2][-]{subsection.7.2.3}{\376\377\000M\000e\000t\000h\000o\000d\000o\000l\000o\000g\000i\000c\000a\000l\000\040\000A\000p\000p\000r\000o\000a\000c\000h\000\040\000a\000n\000d\000\040\000D\000a\000t\000a}{section.7.2}% 96
\BOOKMARK [1][-]{section.7.3}{\376\377\000W\000h\000a\000t\000\040\000i\000s\000\040\000t\000h\000e\000\040\000E\000x\000p\000e\000c\000t\000e\000d\000\040\000I\000m\000p\000a\000c\000t\000\040\000o\000f\000\040\000C\000O\000T\000E\000L\000s\000?}{chapter.7}% 97
\BOOKMARK [1][-]{section.7.4}{\376\377\000W\000h\000a\000t\000\040\000i\000s\000\040\000t\000h\000e\000\040\000E\000s\000t\000i\000m\000a\000t\000e\000d\000\040\000P\000r\000o\000p\000e\000n\000s\000i\000t\000y\000\040\000t\000o\000\040\000O\000v\000e\000r\000r\000i\000d\000e\000?}{chapter.7}% 98
\BOOKMARK [2][-]{subsection.7.4.1}{\376\377\000T\000h\000e\000\040\000P\000r\000o\000b\000l\000e\000m\000\040\000S\000e\000t\000\040\000U\000p}{section.7.4}% 99
\BOOKMARK [2][-]{subsection.7.4.2}{\376\377\000S\000e\000l\000e\000c\000t\000i\000o\000n\000\040\000o\000f\000\040\000a\000\040\000C\000l\000a\000s\000s\000i\000f\000i\000e\000r}{section.7.4}% 100
\BOOKMARK [2][-]{subsection.7.4.3}{\376\377\000U\000s\000e\000f\000u\000l\000n\000e\000s\000s\000\040\000o\000f\000\040\000P\000r\000e\000d\000i\000c\000t\000i\000o\000n}{section.7.4}% 101
\BOOKMARK [1][-]{section.7.5}{\376\377\000W\000h\000a\000t\000\040\000i\000s\000\040\000t\000h\000e\000\040\000I\000m\000p\000a\000c\000t\000\040\000o\000f\000\040\000B\000a\000l\000l\000o\000t\000\040\000D\000e\000s\000i\000g\000n\000?}{chapter.7}% 102
\BOOKMARK [2][-]{subsection.7.5.1}{\376\377\000O\000p\000e\000r\000a\000t\000i\000o\000n\000a\000l\000i\000z\000i\000n\000g\000\040\000B\000a\000l\000l\000o\000t\000\040\000E\000l\000e\000m\000e\000n\000t\000s}{section.7.5}% 103
\BOOKMARK [2][-]{subsection.7.5.2}{\376\377\000M\000e\000a\000s\000u\000r\000i\000n\000g\000\040\000t\000h\000e\000\040\000I\000m\000p\000a\000c\000t\000\040\000o\000f\000\040\000B\000a\000l\000l\000o\000t\000\040\000D\000e\000s\000i\000g\000n}{section.7.5}% 104
\BOOKMARK [1][-]{section.7.6}{\376\377\000C\000o\000n\000c\000l\000u\000s\000i\000o\000n}{chapter.7}% 105
\BOOKMARK [0][-]{chapter.8}{\376\377\000C\000o\000n\000c\000l\000u\000s\000i\000o\000n}{}% 106
\BOOKMARK [0][-]{chapter.9}{\376\377\000A\000p\000p\000e\000n\000d\000i\000x}{}% 107
\BOOKMARK [1][-]{subsection.9.0.1}{\376\377\000T\000a\000r\000g\000e\000t\000e\000d\000\040\000N\000o\000n\000-\000N\000e\000u\000t\000r\000a\000l\000i\000t\000i\000e\000s}{chapter.9}% 108
\BOOKMARK [2][-]{subsubsection.9.0.1.1}{\376\377\000C\000i\000r\000c\000u\000i\000t\000\040\000B\000r\000e\000a\000k\000e\000r\000s}{subsection.9.0.1}% 109
\BOOKMARK [3][-]{subsubsection.9.0.1.2}{\376\377\000H\000o\000m\000e\000s\000t\000e\000a\000d\000\040\000E\000x\000e\000m\000p\000t\000i\000o\000n\000s}{subsubsection.9.0.1.1}% 110
\BOOKMARK [3][-]{subsubsection.9.0.1.3}{\376\377\000P\000r\000e\000f\000e\000r\000e\000n\000t\000i\000a\000l\000\040\000C\000l\000a\000s\000s\000i\000f\000i\000c\000a\000t\000i\000o\000n}{subsubsection.9.0.1.1}% 111
\BOOKMARK [3][-]{subsubsection.9.0.1.4}{\376\377\000R\000e\000l\000i\000e\000f\000\040\000f\000o\000r\000\040\000S\000e\000n\000i\000o\000r\000s}{subsubsection.9.0.1.1}% 112
\BOOKMARK [2][-]{subsection.9.0.2}{\376\377\000N\000e\000u\000t\000r\000a\000l\000\040\000R\000e\000f\000o\000r\000m\000s}{subsection.9.0.1}% 113
\BOOKMARK [3][-]{subsubsection.9.0.2.1}{\376\377\000T\000r\000u\000t\000h\000-\000i\000n\000-\000T\000a\000x\000a\000t\000i\000o\000n}{subsection.9.0.2}% 114
\BOOKMARK [3][-]{subsubsection.9.0.2.2}{\376\377\000D\000e\000f\000e\000r\000r\000a\000l\000\040\000P\000a\000y\000m\000e\000n\000t\000\040\000S\000y\000s\000t\000e\000m\000s}{subsection.9.0.2}% 115
\BOOKMARK [2][-]{subsection.9.0.3}{\376\377\000G\000e\000n\000e\000r\000a\000l\000\040\000R\000e\000s\000t\000r\000i\000c\000t\000i\000o\000n\000s}{subsection.9.0.1}% 116
\BOOKMARK [3][-]{subsubsection.9.0.3.1}{\376\377\000D\000i\000l\000l\000o\000n\000'\000s\000\040\000R\000u\000l\000e}{subsection.9.0.3}% 117
\BOOKMARK [3][-]{subsubsection.9.0.3.2}{\376\377\000E\000d\000u\000c\000a\000t\000i\000o\000n\000a\000l\000\040\000M\000a\000n\000d\000a\000t\000e\000s}{subsection.9.0.3}% 118
\BOOKMARK [0][-]{figure.9.1}{\376\377\000B\000i\000b\000l\000i\000o\000g\000r\000a\000p\000h\000y}{}% 119
