This is pdfTeX, Version 3.14159265-2.6-1.40.15 (TeX Live 2014/Debian) (preloaded format=pdflatex 2015.2.16)  15 APR 2015 10:58
entering extended mode
 restricted \write18 enabled.
 %&-line parsing enabled.
**diss_content_work.tex
(./diss_content_work.tex
LaTeX2e <2014/05/01>
Babel <3.9k> and hyphenation patterns for 2 languages loaded.
(/usr/share/texmf/tex/latex/lyx2.1/authesis/authesis.cls
Document Class: authesis 2015/02/15 v2.44 American University Thesis Class
 au-cms.sty is not supported. Please use natbib.sty for your bibliography.
IMPORTANT MESSAGES:
1: You MUST run LaTeX THREE (3) times after running BibTeX in order to make sur
e that entries in the table of contents are correct.
2: Before handing in the final version of your document make sure you have the 
latest version of AUTHESIS class.
(/usr/share/texmf/tex/latex/lyx2.1/authesis/auecon.clo
File: auecon.clo 2006/09/14
)
(/usr/share/texmf/tex/latex/lyx2.1/authesis/aut10.clo
File: aut10.clo 2005/04/19
)
(/usr/share/texlive/texmf-dist/tex/latex/amsmath/amsmath.sty
Package: amsmath 2013/01/14 v2.14 AMS math features
\@mathmargin=\skip41

For additional information on amsmath, use the `?' option.
(/usr/share/texlive/texmf-dist/tex/latex/amsmath/amstext.sty
Package: amstext 2000/06/29 v2.01

(/usr/share/texlive/texmf-dist/tex/latex/amsmath/amsgen.sty
File: amsgen.sty 1999/11/30 v2.0
\@emptytoks=\toks14
\ex@=\dimen102
))
(/usr/share/texlive/texmf-dist/tex/latex/amsmath/amsbsy.sty
Package: amsbsy 1999/11/29 v1.2d
\pmbraise@=\dimen103
)
(/usr/share/texlive/texmf-dist/tex/latex/amsmath/amsopn.sty
Package: amsopn 1999/12/14 v2.01 operator names
)
\inf@bad=\count79
LaTeX Info: Redefining \frac on input line 210.
\uproot@=\count80
\leftroot@=\count81
LaTeX Info: Redefining \overline on input line 306.
\classnum@=\count82
\DOTSCASE@=\count83
LaTeX Info: Redefining \ldots on input line 378.
LaTeX Info: Redefining \dots on input line 381.
LaTeX Info: Redefining \cdots on input line 466.
\Mathstrutbox@=\box26
\strutbox@=\box27
\big@size=\dimen104
LaTeX Font Info:    Redeclaring font encoding OML on input line 566.
LaTeX Font Info:    Redeclaring font encoding OMS on input line 567.
\macc@depth=\count84
\c@MaxMatrixCols=\count85
\dotsspace@=\muskip10
\c@parentequation=\count86
\dspbrk@lvl=\count87
\tag@help=\toks15
\row@=\count88
\column@=\count89
\maxfields@=\count90
\andhelp@=\toks16
\eqnshift@=\dimen105
\alignsep@=\dimen106
\tagshift@=\dimen107
\tagwidth@=\dimen108
\totwidth@=\dimen109
\lineht@=\dimen110
\@envbody=\toks17
\multlinegap=\skip42
\multlinetaggap=\skip43
\mathdisplay@stack=\toks18
LaTeX Info: Redefining \[ on input line 2665.
LaTeX Info: Redefining \] on input line 2666.
)
\descriptionmargin=\dimen111
\c@part=\count91
\c@chapter=\count92
\c@section=\count93
\c@subsection=\count94
\c@subsubsection=\count95
\c@paragraph=\count96
\c@subparagraph=\count97
\abovecaptionskip=\skip44
\belowcaptionskip=\skip45
\c@figure=\count98
\c@table=\count99
)
(/usr/share/texlive/texmf-dist/tex/latex/base/fontenc.sty
Package: fontenc 2005/09/27 v1.99g Standard LaTeX package

(/usr/share/texlive/texmf-dist/tex/latex/base/t1enc.def
File: t1enc.def 2005/09/27 v1.99g Standard LaTeX file
LaTeX Font Info:    Redeclaring font encoding T1 on input line 43.
))
(/usr/share/texlive/texmf-dist/tex/latex/base/inputenc.sty
Package: inputenc 2014/04/30 v1.2b Input encoding file
\inpenc@prehook=\toks19
\inpenc@posthook=\toks20

(/usr/share/texmf/tex/latex/html/latin9.def
File: latin1.def 1998/03/05 v0.97 Input encoding file(test version: still liabl
e to change)
))
(/usr/share/texlive/texmf-dist/tex/latex/graphics/color.sty
Package: color 2014/04/23 v1.1a Standard LaTeX Color (DPC)

(/usr/share/texlive/texmf-dist/tex/latex/latexconfig/color.cfg
File: color.cfg 2007/01/18 v1.5 color configuration of teTeX/TeXLive
)
Package color Info: Driver file: pdftex.def on input line 137.

(/usr/share/texlive/texmf-dist/tex/latex/pdftex-def/pdftex.def
File: pdftex.def 2011/05/27 v0.06d Graphics/color for pdfTeX

(/usr/share/texlive/texmf-dist/tex/generic/oberdiek/infwarerr.sty
Package: infwarerr 2010/04/08 v1.3 Providing info/warning/error messages (HO)
)
(/usr/share/texlive/texmf-dist/tex/generic/oberdiek/ltxcmds.sty
Package: ltxcmds 2011/11/09 v1.22 LaTeX kernel commands for general use (HO)
)
\Gread@gobject=\count100
))
(/usr/share/texlive/texmf-dist/tex/generic/babel/babel.sty
Package: babel 2014/03/24 3.9k The Babel package

(/usr/share/texlive/texmf-dist/tex/generic/babel-english/english.ldf
Language: english 2012/08/20 v3.3p English support from the babel system

(/usr/share/texlive/texmf-dist/tex/generic/babel/babel.def
File: babel.def 2014/03/24 3.9k Babel common definitions
\babel@savecnt=\count101
\U@D=\dimen112
)
\l@british = a dialect from \language\l@english 
\l@UKenglish = a dialect from \language\l@english 
\l@canadian = a dialect from \language\l@american 
\l@australian = a dialect from \language\l@british 
\l@newzealand = a dialect from \language\l@british 
))
(/usr/share/texlive/texmf-dist/tex/latex/tools/array.sty
Package: array 2008/09/09 v2.4c Tabular extension package (FMi)
\col@sep=\dimen113
\extrarowheight=\dimen114
\NC@list=\toks21
\extratabsurround=\skip46
\backup@length=\skip47
)
(/usr/share/texlive/texmf-dist/tex/latex/float/float.sty
Package: float 2001/11/08 v1.3d Float enhancements (AL)
\c@float@type=\count102
\float@exts=\toks22
\float@box=\box28
\@float@everytoks=\toks23
\@floatcapt=\box29
)
(/usr/share/texlive/texmf-dist/tex/latex/graphics/graphicx.sty
Package: graphicx 2014/04/25 v1.0g Enhanced LaTeX Graphics (DPC,SPQR)

(/usr/share/texlive/texmf-dist/tex/latex/graphics/keyval.sty
Package: keyval 2014/05/08 v1.15 key=value parser (DPC)
\KV@toks@=\toks24
)
(/usr/share/texlive/texmf-dist/tex/latex/graphics/graphics.sty
Package: graphics 2009/02/05 v1.0o Standard LaTeX Graphics (DPC,SPQR)

(/usr/share/texlive/texmf-dist/tex/latex/graphics/trig.sty
Package: trig 1999/03/16 v1.09 sin cos tan (DPC)
)
(/usr/share/texlive/texmf-dist/tex/latex/latexconfig/graphics.cfg
File: graphics.cfg 2010/04/23 v1.9 graphics configuration of TeX Live
)
Package graphics Info: Driver file: pdftex.def on input line 91.
)
\Gin@req@height=\dimen115
\Gin@req@width=\dimen116
)
(/usr/share/texlive/texmf-dist/tex/latex/natbib/natbib.sty
Package: natbib 2010/09/13 8.31b (PWD, AO)
\bibhang=\skip48
\bibsep=\skip49
LaTeX Info: Redefining \cite on input line 694.
\c@NAT@ctr=\count103
)
(/usr/share/texlive/texmf-dist/tex/latex/hyperref/hyperref.sty
Package: hyperref 2012/11/06 v6.83m Hypertext links for LaTeX

(/usr/share/texlive/texmf-dist/tex/generic/oberdiek/hobsub-hyperref.sty
Package: hobsub-hyperref 2012/05/28 v1.13 Bundle oberdiek, subset hyperref (HO)


(/usr/share/texlive/texmf-dist/tex/generic/oberdiek/hobsub-generic.sty
Package: hobsub-generic 2012/05/28 v1.13 Bundle oberdiek, subset generic (HO)
Package: hobsub 2012/05/28 v1.13 Construct package bundles (HO)
Package hobsub Info: Skipping package `infwarerr' (already loaded).
Package hobsub Info: Skipping package `ltxcmds' (already loaded).
Package: ifluatex 2010/03/01 v1.3 Provides the ifluatex switch (HO)
Package ifluatex Info: LuaTeX not detected.
Package: ifvtex 2010/03/01 v1.5 Detect VTeX and its facilities (HO)
Package ifvtex Info: VTeX not detected.
Package: intcalc 2007/09/27 v1.1 Expandable calculations with integers (HO)
Package: ifpdf 2011/01/30 v2.3 Provides the ifpdf switch (HO)
Package ifpdf Info: pdfTeX in PDF mode is detected.
Package: etexcmds 2011/02/16 v1.5 Avoid name clashes with e-TeX commands (HO)
Package etexcmds Info: Could not find \expanded.
(etexcmds)             That can mean that you are not using pdfTeX 1.50 or
(etexcmds)             that some package has redefined \expanded.
(etexcmds)             In the latter case, load this package earlier.
Package: kvsetkeys 2012/04/25 v1.16 Key value parser (HO)
Package: kvdefinekeys 2011/04/07 v1.3 Define keys (HO)
Package: pdftexcmds 2011/11/29 v0.20 Utility functions of pdfTeX for LuaTeX (HO
)
Package pdftexcmds Info: LuaTeX not detected.
Package pdftexcmds Info: \pdf@primitive is available.
Package pdftexcmds Info: \pdf@ifprimitive is available.
Package pdftexcmds Info: \pdfdraftmode found.
Package: pdfescape 2011/11/25 v1.13 Implements pdfTeX's escape features (HO)
Package: bigintcalc 2012/04/08 v1.3 Expandable calculations on big integers (HO
)
Package: bitset 2011/01/30 v1.1 Handle bit-vector datatype (HO)
Package: uniquecounter 2011/01/30 v1.2 Provide unlimited unique counter (HO)
)
Package hobsub Info: Skipping package `hobsub' (already loaded).
Package: letltxmacro 2010/09/02 v1.4 Let assignment for LaTeX macros (HO)
Package: hopatch 2012/05/28 v1.2 Wrapper for package hooks (HO)
Package: xcolor-patch 2011/01/30 xcolor patch
Package: atveryend 2011/06/30 v1.8 Hooks at the very end of document (HO)
Package atveryend Info: \enddocument detected (standard20110627).
Package: atbegshi 2011/10/05 v1.16 At begin shipout hook (HO)
Package: refcount 2011/10/16 v3.4 Data extraction from label references (HO)
Package: hycolor 2011/01/30 v1.7 Color options for hyperref/bookmark (HO)
)
(/usr/share/texlive/texmf-dist/tex/generic/ifxetex/ifxetex.sty
Package: ifxetex 2010/09/12 v0.6 Provides ifxetex conditional
)
(/usr/share/texlive/texmf-dist/tex/latex/oberdiek/auxhook.sty
Package: auxhook 2011/03/04 v1.3 Hooks for auxiliary files (HO)
)
(/usr/share/texlive/texmf-dist/tex/latex/oberdiek/kvoptions.sty
Package: kvoptions 2011/06/30 v3.11 Key value format for package options (HO)
)
\@linkdim=\dimen117
\Hy@linkcounter=\count104
\Hy@pagecounter=\count105

(/usr/share/texlive/texmf-dist/tex/latex/hyperref/pd1enc.def
File: pd1enc.def 2012/11/06 v6.83m Hyperref: PDFDocEncoding definition (HO)
)
\Hy@SavedSpaceFactor=\count106

(/usr/share/texlive/texmf-dist/tex/latex/latexconfig/hyperref.cfg
File: hyperref.cfg 2002/06/06 v1.2 hyperref configuration of TeXLive
)
Package hyperref Info: Option `unicode' set `true' on input line 4319.

(/usr/share/texlive/texmf-dist/tex/latex/hyperref/puenc.def
File: puenc.def 2012/11/06 v6.83m Hyperref: PDF Unicode definition (HO)
)
Package hyperref Info: Hyper figures OFF on input line 4443.
Package hyperref Info: Link nesting OFF on input line 4448.
Package hyperref Info: Hyper index ON on input line 4451.
Package hyperref Info: Plain pages OFF on input line 4458.
Package hyperref Info: Backreferencing OFF on input line 4463.
Package hyperref Info: Implicit mode ON; LaTeX internals redefined.
Package hyperref Info: Bookmarks ON on input line 4688.
\c@Hy@tempcnt=\count107

(/usr/share/texlive/texmf-dist/tex/latex/url/url.sty
\Urlmuskip=\muskip11
Package: url 2013/09/16  ver 3.4  Verb mode for urls, etc.
)
LaTeX Info: Redefining \url on input line 5041.
\XeTeXLinkMargin=\dimen118
\Fld@menulength=\count108
\Field@Width=\dimen119
\Fld@charsize=\dimen120
Package hyperref Info: Hyper figures OFF on input line 6295.
Package hyperref Info: Link nesting OFF on input line 6300.
Package hyperref Info: Hyper index ON on input line 6303.
Package hyperref Info: backreferencing OFF on input line 6310.
Package hyperref Info: Link coloring OFF on input line 6315.
Package hyperref Info: Link coloring with OCG OFF on input line 6320.
Package hyperref Info: PDF/A mode OFF on input line 6325.
LaTeX Info: Redefining \ref on input line 6365.
LaTeX Info: Redefining \pageref on input line 6369.
\Hy@abspage=\count109
\c@Item=\count110
\c@Hfootnote=\count111
)

Package hyperref Message: Driver (autodetected): hpdftex.

(/usr/share/texlive/texmf-dist/tex/latex/hyperref/hpdftex.def
File: hpdftex.def 2012/11/06 v6.83m Hyperref driver for pdfTeX
\Fld@listcount=\count112
\c@bookmark@seq@number=\count113

(/usr/share/texlive/texmf-dist/tex/latex/oberdiek/rerunfilecheck.sty
Package: rerunfilecheck 2011/04/15 v1.7 Rerun checks for auxiliary files (HO)
Package uniquecounter Info: New unique counter `rerunfilecheck' on input line 2
82.
)
\Hy@SectionHShift=\skip50
)
\@float@every@algorithm=\toks25
\c@algorithm=\count114
\@float@every@model=\toks26
\c@model=\count115


LaTeX Warning: Unused global option(s):
    [oneside,titlepage].

No file diss_content_work.aux.
\openout1 = `diss_content_work.aux'.

LaTeX Font Info:    Checking defaults for OML/cmm/m/it on input line 54.
LaTeX Font Info:    ... okay on input line 54.
LaTeX Font Info:    Checking defaults for T1/cmr/m/n on input line 54.
LaTeX Font Info:    ... okay on input line 54.
LaTeX Font Info:    Checking defaults for OT1/cmr/m/n on input line 54.
LaTeX Font Info:    ... okay on input line 54.
LaTeX Font Info:    Checking defaults for OMS/cmsy/m/n on input line 54.
LaTeX Font Info:    ... okay on input line 54.
LaTeX Font Info:    Checking defaults for OMX/cmex/m/n on input line 54.
LaTeX Font Info:    ... okay on input line 54.
LaTeX Font Info:    Checking defaults for U/cmr/m/n on input line 54.
LaTeX Font Info:    ... okay on input line 54.
LaTeX Font Info:    Checking defaults for PD1/pdf/m/n on input line 54.
LaTeX Font Info:    ... okay on input line 54.
LaTeX Font Info:    Checking defaults for PU/pdf/m/n on input line 54.
LaTeX Font Info:    ... okay on input line 54.
(/usr/share/texlive/texmf-dist/tex/context/base/supp-pdf.mkii
[Loading MPS to PDF converter (version 2006.09.02).]
\scratchcounter=\count116
\scratchdimen=\dimen121
\scratchbox=\box30
\nofMPsegments=\count117
\nofMParguments=\count118
\everyMPshowfont=\toks27
\MPscratchCnt=\count119
\MPscratchDim=\dimen122
\MPnumerator=\count120
\makeMPintoPDFobject=\count121
\everyMPtoPDFconversion=\toks28
) (/usr/share/texlive/texmf-dist/tex/latex/oberdiek/epstopdf-base.sty
Package: epstopdf-base 2010/02/09 v2.5 Base part for package epstopdf

(/usr/share/texlive/texmf-dist/tex/latex/oberdiek/grfext.sty
Package: grfext 2010/08/19 v1.1 Manage graphics extensions (HO)
)
Package grfext Info: Graphics extension search list:
(grfext)             [.png,.pdf,.jpg,.mps,.jpeg,.jbig2,.jb2,.PNG,.PDF,.JPG,.JPE
G,.JBIG2,.JB2,.eps]
(grfext)             \AppendGraphicsExtensions on input line 452.

(/usr/share/texlive/texmf-dist/tex/latex/latexconfig/epstopdf-sys.cfg
File: epstopdf-sys.cfg 2010/07/13 v1.3 Configuration of (r)epstopdf for TeX Liv
e
))
\AtBeginShipoutBox=\box31


Package hyperref Warning: Height of page (\paperheight) is invalid (0.0pt),
(hyperref)                using 11in.

Package hyperref Info: Link coloring OFF on input line 54.
(/usr/share/texlive/texmf-dist/tex/latex/hyperref/nameref.sty
Package: nameref 2012/10/27 v2.43 Cross-referencing by name of section

(/usr/share/texlive/texmf-dist/tex/generic/oberdiek/gettitlestring.sty
Package: gettitlestring 2010/12/03 v1.4 Cleanup title references (HO)
)
\c@section@level=\count122
)
LaTeX Info: Redefining \ref on input line 54.
LaTeX Info: Redefining \pageref on input line 54.
LaTeX Info: Redefining \nameref on input line 54.
\@outlinefile=\write3
\openout3 = `diss_content_work.out'.


[1

{/var/lib/texmf/fonts/map/pdftex/updmap/pdftex.map}]
LaTeX Font Info:    Try loading font information for OMS+cmr on input line 83.

(/usr/share/texlive/texmf-dist/tex/latex/base/omscmr.fd
File: omscmr.fd 1999/05/25 v2.5h Standard LaTeX font definitions
)
LaTeX Font Info:    Font shape `OMS/cmr/m/n' in size <12> not available
(Font)              Font shape `OMS/cmsy/m/n' tried instead on input line 83.
pdfTeX warning (ext4): destination with the same identifier (name{page.1}) has 
been already used, duplicate ignored
<to be read again> 
                   \relax 
l.86 \abstractn
               {This analysis evaluates three tax and expenditure limitation...
[1

] [2

]
\tf@toc=\write4
\openout4 = `diss_content_work.toc'.

 [3

]
\tf@lof=\write5
\openout5 = `diss_content_work.lof'.

 [4

]
\tf@lot=\write6
\openout6 = `diss_content_work.lot'.

 [5

]
Chapter 1.

Package hyperref Warning: bookmark level for unknown chap defaults to 0.


Package hyperref Warning: Difference (2) between bookmark levels is greater 
(hyperref)                than one, level fixed on input line 116.

<figures/TABOR_vote.png, id=39, 599.23875pt x 294.09875pt>
File: figures/TABOR_vote.png Graphic file (type png)

<use figures/TABOR_vote.png>
Package pdftex.def Info: figures/TABOR_vote.png used on input line 136.
(pdftex.def)             Requested size: 258.00638pt x 126.62602pt.
 [6

] [7 <./figures/TABOR_vote.png>]
Underfull \vbox (badness 2762) has occurred while \output is active []

 [8]
Underfull \vbox (badness 1584) has occurred while \output is active []

 [9]
[10]

Package natbib Warning: Citation `Buchanan_Tullock1962' on page 11 undefined on
 input line 404.

[11]

Package natbib Warning: Citation `Wagner2009' on page 12 undefined on input lin
e 410.

[12]

LaTeX Warning: Reference `chap:SubFinUS' on page 13 undefined on input line 477
.


LaTeX Warning: Reference `chap:CO-FiscBehavior' on page 13 undefined on input l
ine 482.


LaTeX Warning: Reference `sub:ResearchObjectives' on page 13 undefined on input
 line 489.


LaTeX Warning: Reference `chap:RevYieldCapacity' on page 13 undefined on input 
line 490.


LaTeX Warning: Reference `chap:ExpPatterns' on page 13 undefined on input line 
494.


LaTeX Warning: Reference `chap:RevYieldCapacity' on page 13 undefined on input 
line 498.


LaTeX Warning: Reference `chap:Expenditure-Patterns' on page 13 undefined on in
put line 499.


LaTeX Warning: Reference `chap:DeBrucing' on page 13 undefined on input line 50
2.


LaTeX Warning: Reference `sub:ResearchObjectives' on page 13 undefined on input
 line 504.

[13]

LaTeX Warning: Reference `chap:Conclusion' on page 14 undefined on input line 5
14.

[14]
Chapter 2.

Package natbib Warning: Citation `COG_Summary2012' on page 15 undefined on inpu
t line 529.


Package natbib Warning: Citation `Musgrave59' on page 15 undefined on input lin
e 543.

[15


]

Package natbib Warning: Citation `Hicks39' on page 16 undefined on input line 5
69.


Package natbib Warning: Citation `Kaldor39' on page 16 undefined on input line 
569.


Package natbib Warning: Citation `Bahl1984' on page 16 undefined on input line 
576.


Package natbib Warning: Citation `Gramlich1993' on page 16 undefined on input l
ine 576.


Package natbib Warning: Citation `Oates1972' on page 16 undefined on input line
 581.


Package natbib Warning: Citation `Oates2008' on page 16 undefined on input line
 587.


Package natbib Warning: Citation `Storing1981' on page 16 undefined on input li
ne 612.

[16]

Package natbib Warning: Citation `Tiebout1956' on page 17 undefined on input li
ne 628.


Package natbib Warning: Citation `Ross_Yinger1999' on page 17 undefined on inpu
t line 636.


Package natbib Warning: Citation `Pack_Pack1977' on page 17 undefined on input 
line 639.


Package natbib Warning: Citation `Hamilton_Mills_Puryear1975' on page 17 undefi
ned on input line 640.


Package natbib Warning: Citation `Eberts_Gronberg1981' on page 17 undefined on 
input line 640.


Package natbib Warning: Citation `Heikkila1996' on page 17 undefined on input l
ine 642.


Package natbib Warning: Citation `Gramlich_Rubinfeld1982' on page 17 undefined 
on input line 644.


Package natbib Warning: Citation `Schmidt1992' on page 17 undefined on input li
ne 650.


Package natbib Warning: Citation `Henderson1991' on page 17 undefined on input 
line 651.


Package natbib Warning: Citation `Bird1993' on page 17 undefined on input line 
666.


Package natbib Warning: Citation `McLure2001' on page 17 undefined on input lin
e 668.

[17]

Package natbib Warning: Citation `Bird1993' on page 18 undefined on input line 
681.


Package natbib Warning: Citation `Oates1972' on page 18 undefined on input line
 708.

[18]

Package natbib Warning: Citation `Smith1776' on page 19 undefined on input line
 732.


Package natbib Warning: Citation `Wagner1983' on page 19 undefined on input lin
e 740.


Package natbib Warning: Citation `Burkhead_Miner1971' on page 19 undefined on i
nput line 742.

[19]

LaTeX Warning: Reference `fig:Tot-Gov-Size' on page 20 undefined on input line 
775.

<figures/tot_gov_GDP_perc.png, id=165, 930.40398pt x 326.6604pt>
File: figures/tot_gov_GDP_perc.png Graphic file (type png)

<use figures/tot_gov_GDP_perc.png>
Package pdftex.def Info: figures/tot_gov_GDP_perc.png used on input line 785.
(pdftex.def)             Requested size: 430.00627pt x 150.97339pt.


Package natbib Warning: Citation `Waldo1948' on page 20 undefined on input line
 790.


Package natbib Warning: Citation `Waldo1948' on page 20 undefined on input line
 798.


Package natbib Warning: Citation `Cleveland1906' on page 20 undefined on input 
line 810.

[20 <./figures/tot_gov_GDP_perc.png>]

LaTeX Warning: Reference `fig:SL-Gov-Size' on page 21 undefined on input line 8
17.

<figures/sl_gov_GDP_perc.png, id=174, 930.25945pt x 326.6604pt>
File: figures/sl_gov_GDP_perc.png Graphic file (type png)

<use figures/sl_gov_GDP_perc.png>
Package pdftex.def Info: figures/sl_gov_GDP_perc.png used on input line 828.
(pdftex.def)             Requested size: 430.00627pt x 150.99333pt.


LaTeX Warning: Reference `fig:Sub-Taxes' on page 21 undefined on input line 841
.

<figures/sl_tax_perc.png, id=176, 936.18558pt x 326.6604pt>
File: figures/sl_tax_perc.png Graphic file (type png)

<use figures/sl_tax_perc.png>
Package pdftex.def Info: figures/sl_tax_perc.png used on input line 849.
(pdftex.def)             Requested size: 430.00627pt x 150.0413pt.
 [21 <./figures/sl_gov_GDP_perc.png>]

Package natbib Warning: Citation `Fisher1996' on page 22 undefined on input lin
e 868.


LaTeX Warning: Reference `fig:prop-tax' on page 22 undefined on input line 879.


<figures/NIPA_prop_tax.png, id=186, 737.75626pt x 324.21124pt>
File: figures/NIPA_prop_tax.png Graphic file (type png)

<use figures/NIPA_prop_tax.png>
Package pdftex.def Info: figures/NIPA_prop_tax.png used on input line 886.
(pdftex.def)             Requested size: 430.00627pt x 188.96774pt.


LaTeX Warning: Reference `fig:Local-Receipts' on page 22 undefined on input lin
e 896.

[22 <./figures/sl_tax_perc.png>]
<figures/NIPA_rev_comp.png, id=193, 1024.82875pt x 435.6275pt>
File: figures/NIPA_rev_comp.png Graphic file (type png)

<use figures/NIPA_rev_comp.png>
Package pdftex.def Info: figures/NIPA_rev_comp.png used on input line 911.
(pdftex.def)             Requested size: 430.00627pt x 182.78282pt.


LaTeX Warning: Reference `fig:Macroeconomic-Turmoil-in-1970s' on page 23 undefi
ned on input line 925.

<figures/cpi_gdp_60_1.png, id=194, 898.35625pt x 340.27126pt>
File: figures/cpi_gdp_60_1.png Graphic file (type png)

<use figures/cpi_gdp_60_1.png>
Package pdftex.def Info: figures/cpi_gdp_60_1.png used on input line 943.
(pdftex.def)             Requested size: 430.00627pt x 162.87143pt.


Package natbib Warning: Citation `Honadle_Costa_Cigler2004' on page 23 undefine
d on input line 961.

[23 <./figures/NIPA_prop_tax.png>]
<figures/official_handles.png, id=201, 217.5628pt x 193.47281pt>
File: figures/official_handles.png Graphic file (type png)

<use figures/official_handles.png>
Package pdftex.def Info: figures/official_handles.png used on input line 967.
(pdftex.def)             Requested size: 301.00307pt x 267.71013pt.


LaTeX Warning: Reference `fig:Loc-Fisc-Strategy' on page 24 undefined on input 
line 971.


Package natbib Warning: Citation `Smith_Thoolen1980' on page 24 undefined on in
put line 972.


Package natbib Warning: Citation `Honadle_Costa_Cigler2004' on page 24 undefine
d on input line 1007.


Underfull \vbox (badness 10000) has occurred while \output is active []

 [24 <./figures/NIPA_rev_comp.png>]

Package natbib Warning: Citation `CBO_LTBO2012' on page 25 undefined on input l
ine 1023.


Package natbib Warning: Citation `Cutler_Sahni2013' on page 25 undefined on inp
ut line 1026.


Package natbib Warning: Citation `Arias2012' on page 25 undefined on input line
 1033.

<figures/Ch2_pop_trend.png, id=213, 1355.0625pt x 451.6875pt>
File: figures/Ch2_pop_trend.png Graphic file (type png)

<use figures/Ch2_pop_trend.png>
Package pdftex.def Info: figures/Ch2_pop_trend.png used on input line 1041.
(pdftex.def)             Requested size: 430.00627pt x 143.3368pt.
 [25 <./figures/cpi_gdp_60_1.png>]

Package natbib Warning: Citation `Stiglitz2012' on page 26 undefined on input l
ine 1073.

[26 <./figures/official_handles.png>]

Package natbib Warning: Citation `Honadle_Costa_Cigler2004' on page 27 undefine
d on input line 1094.

[27 <./figures/Ch2_pop_trend.png>]
<figures/IntGov2Loc.png, id=236, 1355.0625pt x 451.6875pt>
File: figures/IntGov2Loc.png Graphic file (type png)

<use figures/IntGov2Loc.png>
Package pdftex.def Info: figures/IntGov2Loc.png used on input line 1140.
(pdftex.def)             Requested size: 430.00627pt x 143.3368pt.
 [28 <./figures/IntGov2Loc.png>]
<figures/TEL_bind_states_lab.png, id=244, 1003.75pt x 708.6475pt>
File: figures/TEL_bind_states_lab.png Graphic file (type png)

<use figures/TEL_bind_states_lab.png>
Package pdftex.def Info: figures/TEL_bind_states_lab.png used on input line 118
1.
(pdftex.def)             Requested size: 430.00627pt x 303.58792pt.


Package natbib Warning: Citation `Jensen1931' on page 29 undefined on input lin
e 1210.


Package natbib Warning: Citation `Seligman1913' on page 29 undefined on input l
ine 1217.

[29] [30]

LaTeX Warning: Reference `sub:Against-Property-Tax' on page 31 undefined on inp
ut line 1308.


Package natbib Warning: Citation `Netzer1966' on page 31 undefined on input lin
e 1316.


Package natbib Warning: Citation `Oates1999' on page 31 undefined on input line
 1337.

[31]

Package natbib Warning: Citation `Oates2008' on page 32 undefined on input line
 1355.


LaTeX Warning: Reference `sec:Motivations-for-Limiting-Property-Tax' on page 32
 undefined on input line 1362.


Package natbib Warning: Citation `Wildavsky61' on page 32 undefined on input li
ne 1382.


Package natbib Warning: Citation `Oates1999' on page 32 undefined on input line
 1395.

[32]

Package natbib Warning: Citation `Perrson_Tabellini2000' on page 33 undefined o
n input line 1410.


Package natbib Warning: Citation `Besley_Case1995' on page 33 undefined on inpu
t line 1410.


Package natbib Warning: Citation `Seabright1996' on page 33 undefined on input 
line 1416.

[33]

Package natbib Warning: Citation `Joyce_Mullins1991' on page 34 undefined on in
put line 1448.


Package natbib Warning: Citation `Edwards2006' on page 34 undefined on input li
ne 1465.


Package natbib Warning: Citation `Sears_Citrin1985' on page 34 undefined on inp
ut line 1469.


Package natbib Warning: Citation `Yuan_Cordes_Brunori_Bell2009' on page 34 unde
fined on input line 1491.

[34]

Package natbib Warning: Citation `Figlio_Rueben2001' on page 35 undefined on in
put line 1498.


Package natbib Warning: Citation `Downes_Dye_McGuire1998' on page 35 undefined 
on input line 1502.


Package natbib Warning: Citation `Downes_Figlio1999' on page 35 undefined on in
put line 1505.


Package natbib Warning: Citation `Joyce_Mullins1991' on page 35 undefined on in
put line 1508.


Package natbib Warning: Citation `Edwards2006' on page 35 undefined on input li
ne 1509.


Package natbib Warning: Citation `Sokolow1998' on page 35 undefined on input li
ne 1512.


Package natbib Warning: Citation `Sokolow2000' on page 35 undefined on input li
ne 1512.


LaTeX Warning: Reference `sec:COTELs' on page 35 undefined on input line 1521.


Package natbib Warning: Citation `cutler1999restraining' on page 35 undefined o
n input line 1527.


Package natbib Warning: Citation `ladd1982voters' on page 35 undefined on input
 line 1533.

[35]

Package natbib Warning: Citation `alm1999tax' on page 36 undefined on input lin
e 1554.


Package natbib Warning: Citation `shadbegian1998tax' on page 36 undefined on in
put line 1559.


Package natbib Warning: Citation `rown2000constitutional' on page 36 undefined 
on input line 1559.


Package natbib Warning: Citation `Dye_McGuire1997' on page 36 undefined on inpu
t line 1559.


Package natbib Warning: Citation `shadbegian1999effect' on page 36 undefined on
 input line 1560.


Package natbib Warning: Citation `mullins1996tax' on page 36 undefined on input
 line 1560.


Package natbib Warning: Citation `skidmore1999tax' on page 36 undefined on inpu
t line 1560.


Package natbib Warning: Citation `ballal2009effect' on page 36 undefined on inp
ut line 1563.


Package natbib Warning: Citation `mullins1996tax' on page 36 undefined on input
 line 1575.


Package natbib Warning: Citation `shadbegian1999effect' on page 36 undefined on
 input line 1575.


Package natbib Warning: Citation `shadbegian1999effect' on page 36 undefined on
 input line 1583.


Package natbib Warning: Citation `mullins1996tax' on page 36 undefined on input
 line 1586.


Package natbib Warning: Citation `skidmore1999tax' on page 36 undefined on inpu
t line 1586.


Package natbib Warning: Citation `Joyce_Mullins1991' on page 36 undefined on in
put line 1595.

[36]

Package natbib Warning: Citation `bradbury2001property' on page 37 undefined on
 input line 1600.


Package natbib Warning: Citation `rown2000constitutional' on page 37 undefined 
on input line 1600.


Package natbib Warning: Citation `Mullins2004' on page 37 undefined on input li
ne 1602.


Package natbib Warning: Citation `shadbegian1998tax' on page 37 undefined on in
put line 1611.


Package natbib Warning: Citation `bails2000impact' on page 37 undefined on inpu
t line 1611.


Package natbib Warning: Citation `feld2003budget' on page 37 undefined on input
 line 1611.


Package natbib Warning: Citation `shadbegian2003did' on page 37 undefined on in
put line 1614.


Package natbib Warning: Citation `ballal2009effect' on page 37 undefined on inp
ut line 1614.


Package natbib Warning: Citation `Sokolow1998' on page 37 undefined on input li
ne 1617.


Package natbib Warning: Citation `bradbury2001property' on page 37 undefined on
 input line 1633.

[37] [38] [39 <./figures/TEL_bind_states_lab.png>]
Chapter 3.

Package hyperref Warning: Token not allowed in a PDF string (Unicode):
(hyperref)                removing `\@ifnextchar' on input line 1650.


Package hyperref Warning: Token not allowed in a PDF string (Unicode):
(hyperref)                removing `\begingroup' on input line 1650.


Package hyperref Warning: Token not allowed in a PDF string (Unicode):
(hyperref)                removing `\let' on input line 1650.


Package hyperref Warning: Token not allowed in a PDF string (Unicode):
(hyperref)                removing `\<let>-command' on input line 1650.


Package hyperref Warning: Token not allowed in a PDF string (Unicode):
(hyperref)                removing `\NAT@ctype' on input line 1650.


Package hyperref Warning: Token not allowed in a PDF string (Unicode):
(hyperref)                removing `\z@' on input line 1650.


Package hyperref Warning: Token not allowed in a PDF string (Unicode):
(hyperref)                removing `\let' on input line 1650.


Package hyperref Warning: Token not allowed in a PDF string (Unicode):
(hyperref)                removing `\new@ifnextchar' on input line 1650.


Package natbib Warning: Citation `FOMC2000' on page 40 undefined on input line 
1650.


Package natbib Warning: Citation `Census_COG2013' on page 40 undefined on input
 line 1653.


Package natbib Warning: Citation `FOMC2000' on page 40 undefined on input line 
1667.


Overfull \hbox (7.62837pt too wide) in paragraph at lines 1670--1670
[]\T1/cmr/bx/n/12 Which So-cioe-co-nomic Dy-nam-ics Char-ac-ter-ize the Study P
e-riod (1993-
 []


LaTeX Warning: Reference `fig:Colorado-GSP' on page 40 undefined on input line 
1672.

<figures/CO_gsp.png, id=322, 936.6192pt x 326.6604pt>
File: figures/CO_gsp.png Graphic file (type png)
 <use figures/CO_gsp.png>
Package pdftex.def Info: figures/CO_gsp.png used on input line 1686.
(pdftex.def)             Requested size: 430.00627pt x 149.97151pt.


LaTeX Warning: Reference `fig:County-Population-Dynamics' on page 40 undefined 
on input line 1693.

[40


] <figures/CO_pop_growth.png, id=333, 1156.32pt x 722.7pt>
File: figures/CO_pop_growth.png Graphic file (type png)

<use figures/CO_pop_growth.png>
Package pdftex.def Info: figures/CO_pop_growth.png used on input line 1713.
(pdftex.def)             Requested size: 430.00627pt x 268.75119pt.


LaTeX Warning: Reference `fig:Distribution-of-Income' on page 41 undefined on i
nput line 1729.

<figures/CO_med_inc_cty_map.png, id=335, 1156.32pt x 1011.78pt>
File: figures/CO_med_inc_cty_map.png Graphic file (type png)

<use figures/CO_med_inc_cty_map.png>
Package pdftex.def Info: figures/CO_med_inc_cty_map.png used on input line 1741
.
(pdftex.def)             Requested size: 430.00627pt x 376.25168pt.
 [41 <./figures/CO_gsp.png>] [42 <./figures/CO_pop_growth.png>] <figures/CTY_re
v_growth.png, id=354, 1445.4pt x 722.7pt>
File: figures/CTY_rev_growth.png Graphic file (type png)

<use figures/CTY_rev_growth.png>
Package pdftex.def Info: figures/CTY_rev_growth.png used on input line 1779.
(pdftex.def)             Requested size: 430.00627pt x 215.00316pt.


Package natbib Warning: Citation `Joyce_Mullins1991' on page 43 undefined on in
put line 1787.


Underfull \vbox (badness 10000) has occurred while \output is active []

 [43 <./figures/CO_med_inc_cty_map.png>]
<figures/CO_cty_rev_comp.png, id=361, 1806.75pt x 1445.4pt>
File: figures/CO_cty_rev_comp.png Graphic file (type png)

<use figures/CO_cty_rev_comp.png>
Package pdftex.def Info: figures/CO_cty_rev_comp.png used on input line 1804.
(pdftex.def)             Requested size: 430.00627pt x 343.99182pt.

<figures/cty_muni_fin_summary.png, id=362, 3204.72281pt x 4342.97531pt>
File: figures/cty_muni_fin_summary.png Graphic file (type png)

<use figures/cty_muni_fin_summary.png>
Package pdftex.def Info: figures/cty_muni_fin_summary.png used on input line 18
26.
(pdftex.def)             Requested size: 430.00627pt x 582.69789pt.


LaTeX Warning: Float too large for page by 160.47035pt on input line 1841.


LaTeX Warning: Reference `fig:County-Expenditure-Growth' on page 44 undefined o
n input line 1846.

<figures/CTY_exp_growth.png, id=363, 1445.4pt x 722.7pt>
File: figures/CTY_exp_growth.png Graphic file (type png)

<use figures/CTY_exp_growth.png>
Package pdftex.def Info: figures/CTY_exp_growth.png used on input line 1856.
(pdftex.def)             Requested size: 430.00627pt x 215.00316pt.
 [44 <./figures/CTY_rev_growth.png>]
<figures/CO_cty_exp_comp.png, id=371, 1806.75pt x 1806.75pt>
File: figures/CO_cty_exp_comp.png Graphic file (type png)

<use figures/CO_cty_exp_comp.png>
Package pdftex.def Info: figures/CO_cty_exp_comp.png used on input line 1879.
(pdftex.def)             Requested size: 430.00627pt x 429.98979pt.
 [45 <./figures/CO_cty_rev_comp.png>] [46]
[47]

LaTeX Warning: Reference `sub:TEL-operationalization' on page 48 undefined on i
nput line 2003.

[48] [49] [50] [51 <./figures/cty_muni_fin_summary.png>] [52 <./figures/CTY_exp
_growth.png>] [53 <./figures/CO_cty_exp_comp.png>]
Chapter 4.

LaTeX Warning: Reference `sub:ValueAdd' on page 54 undefined on input line 2079
.


Package natbib Warning: Citation `Mullins2004' on page 54 undefined on input li
ne 2083.


Package natbib Warning: Citation `Mullins2004' on page 54 undefined on input li
ne 2100.


Package natbib Warning: Citation `Martell2007' on page 54 undefined on input li
ne 2117.


Package natbib Warning: Citation `Billings2012' on page 54 undefined on input l
ine 2119.

[54

]

LaTeX Warning: Reference `fig:Distribution-of-COTEL' on page 55 undefined on in
put line 2167.

[55]
</home/choct155/projects/TEL/ipynb/TEL_intensity_2009.png, id=449, 702.625pt x 
482.80376pt>
File: /home/choct155/projects/TEL/ipynb/TEL_intensity_2009.png Graphic file (ty
pe png)
 <use /home/choct155/projects/TEL/ipynb/TEL_intensity_2009.png>
Package pdftex.def Info: /home/choct155/projects/TEL/ipynb/TEL_intensity_2009.p
ng used on input line 2174.
(pdftex.def)             Requested size: 430.00627pt x 295.4823pt.


LaTeX Warning: Reference `fig:Visual-Rationale-for-Comp-Limit' on page 56 undef
ined on input line 2192.


</home/choct155/projects/TEL/ipynb/TABOR_vs_SLPTR.png, id=450, 1084.05pt x 361.
35pt>
File: /home/choct155/projects/TEL/ipynb/TABOR_vs_SLPTR.png Graphic file (type p
ng)
 <use /home/choct155/projects/TEL/ipynb/TABOR_vs_SLPTR.png>
Package pdftex.def Info: /home/choct155/projects/TEL/ipynb/TABOR_vs_SLPTR.png u
sed on input line 2201.
(pdftex.def)             Requested size: 430.00627pt x 143.33543pt.

Underfull \vbox (badness 10000) has occurred while \output is active []

 [56 </home/choct155/projects/TEL/ipynb/TEL_intensity_2009.png (PNG copy)>]
Package hyperref Info: bookmark level for unknown model defaults to 0 on input 
line 2217.


LaTeX Warning: Reference `mod:Property-Tax-Subject-to-TABOR' on page 57 undefin
ed on input line 2270.


Underfull \hbox (badness 3954) in paragraph at lines 2286--2286
[][][]\T1/cmr/m/n/8 The query tool for the database con-tain-ing de-mo-graphic 
pro-files by county is lo-cated here:
 []


LaTeX Warning: Reference `alg:Prop-Base-Val' on page 57 undefined on input line
 2317.


LaTeX Warning: Reference `alg:Market-Value-Hack' on page 57 undefined on input 
line 2319.

[57 </home/choct155/projects/TEL/ipynb/TABOR_vs_SLPTR.png>]

LaTeX Warning: Reference `fig:Assessment-to-Sales' on page 58 undefined on inpu
t line 2339.


Underfull \vbox (badness 1448) has occurred while \output is active []

 [58]
<figures/med_asmt_sales_ratio.png, id=476, 903.375pt x 1806.75pt>
File: figures/med_asmt_sales_ratio.png Graphic file (type png)

<use figures/med_asmt_sales_ratio.png>
Package pdftex.def Info: figures/med_asmt_sales_ratio.png used on input line 23
53.
(pdftex.def)             Requested size: 0.0pt x 0.0pt.
 [59 <./figures/med_asmt_sales_ratio.png>]

LaTeX Warning: Reference `fig:COTEL-Intensity-Adams' on page 60 undefined on in
put line 2417.

<figures/adams_cty_intensity.png, id=486, 1355.0625pt x 451.6875pt>
File: figures/adams_cty_intensity.png Graphic file (type png)

<use figures/adams_cty_intensity.png>
Package pdftex.def Info: figures/adams_cty_intensity.png used on input line 243
2.
(pdftex.def)             Requested size: 430.00627pt x 143.3368pt.
 [60 <./figures/adams_cty_intensity.png>]

LaTeX Warning: Reference `sub:TABOR-and-SLPTR-Measure' on page 61 undefined on 
input line 2465.


LaTeX Warning: Reference `fig:Gallagher-Ratio-Dist' on page 61 undefined on inp
ut line 2466.


</home/choct155/projects/TEL/ipynb/prop_ratio_dist.png, id=493, 867.24pt x 433.
62pt>
File: /home/choct155/projects/TEL/ipynb/prop_ratio_dist.png Graphic file (type 
png)
 <use /home/choct155/projects/TEL/ipynb/prop_ratio_dist.png>
Package pdftex.def Info: /home/choct155/projects/TEL/ipynb/prop_ratio_dist.png 
used on input line 2474.
(pdftex.def)             Requested size: 430.00627pt x 215.00316pt.


Package natbib Warning: Citation `Tobler1979' on page 61 undefined on input lin
e 2482.

[61 </home/choct155/projects/TEL/ipynb/prop_ratio_dist.png>]

Package natbib Warning: Citation `Tsay2005' on page 62 undefined on input line 
2521.

[62]

Package natbib Warning: Citation `Durbin_Watson1950' on page 63 undefined on in
put line 2542.


Package natbib Warning: Citation `Cochrane_Orcutt1949' on page 63 undefined on 
input line 2556.


Package natbib Warning: Citation `Durbin_Watson1950' on page 63 undefined on in
put line 2560.


Package natbib Warning: Citation `Anselin1999' on page 63 undefined on input li
ne 2603.

[63]

LaTeX Warning: Reference `fig:Space-Time-Memory' on page 64 undefined on input 
line 2629.


Package natbib Warning: Citation `Anselin1999' on page 64 undefined on input li
ne 2632.

<figures/space_time_memory.png, id=512, 722.7pt x 361.35pt>
File: figures/space_time_memory.png Graphic file (type png)

<use figures/space_time_memory.png>
Package pdftex.def Info: figures/space_time_memory.png used on input line 2643.

(pdftex.def)             Requested size: 430.00627pt x 215.00316pt.
 [64]

Package natbib Warning: Citation `Anselin2011' on page 65 undefined on input li
ne 2681.


Underfull \vbox (badness 5345) has occurred while \output is active []

 [65 <./figures/space_time_memory.png>]

Package natbib Warning: Citation `Bennett1980' on page 66 undefined on input li
ne 2697.


Package natbib Warning: Citation `Tiebout1956' on page 66 undefined on input li
ne 2717.

[66]

Package natbib Warning: Citation `Bennett1980' on page 67 undefined on input li
ne 2737.

[67]
Chapter 5.

Package natbib Warning: Citation `Atul_Tulasidhar1984' on page 68 undefined on 
input line 2785.


Package natbib Warning: Citation `Bowman2008' on page 68 undefined on input lin
e 2791.


LaTeX Warning: Reference `sub:TABOR-and-SLPTR-Measure' on page 68 undefined on 
input line 2810.

[68


]

Package hyperref Warning: Token not allowed in a PDF string (Unicode):
(hyperref)                removing `\@ifnextchar' on input line 2823.


Package natbib Warning: Citation `Oates2001' on page 69 undefined on input line
 2830.

Runaway argument?
! Paragraph ended before \@@array was complete.
<to be read again> 
                   \par 
l.2844 
       
? 
! Missing $ inserted.
<inserted text> 
                $
l.2844 
       
? 

! LaTeX Error: \caption outside float.

See the LaTeX manual or LaTeX Companion for explanation.
Type  H <return>  for immediate help.
 ...                                              
                                                  
l.2846 \caption
               [Monotonicity]{Weak and Strong Monotonicity\label{alg:Weak-an...

? 

! LaTeX Error: Something's wrong--perhaps a missing \item.

See the LaTeX manual or LaTeX Companion for explanation.
Type  H <return>  for immediate help.
 ...                                              
                                                  
l.2861 \begin{quotation}
                        
? 

! LaTeX Error: Something's wrong--perhaps a missing \item.

See the LaTeX manual or LaTeX Companion for explanation.
Type  H <return>  for immediate help.
 ...                                              
                                                  
l.2861 \begin{quotation}
                        
? 

! LaTeX Error: Something's wrong--perhaps a missing \item.

See the LaTeX manual or LaTeX Companion for explanation.
Type  H <return>  for immediate help.
 ...                                              
                                                  
l.2861 \begin{quotation}
                        
? 

Package natbib Warning: Citation `Varian1992' on page 69 undefined on input lin
e 2866.


! LaTeX Error: Something's wrong--perhaps a missing \item.

See the LaTeX manual or LaTeX Companion for explanation.
Type  H <return>  for immediate help.
 ...                                              
                                                  
l.2866 ...good.''\citep{Varian1992}\end{quotation}
                                                  
? 

! LaTeX Error: Something's wrong--perhaps a missing \item.

See the LaTeX manual or LaTeX Companion for explanation.
Type  H <return>  for immediate help.
 ...                                              
                                                  
l.2866 ...good.''\citep{Varian1992}\end{quotation}
                                                  
? 

! LaTeX Error: Something's wrong--perhaps a missing \item.

See the LaTeX manual or LaTeX Companion for explanation.
Type  H <return>  for immediate help.
 ...                                              
                                                  
l.2866 ...good.''\citep{Varian1992}\end{quotation}
                                                  
? 
! Misplaced \crcr.
\endarray ->\crcr 
                  \egroup \egroup \@arrayright \gdef \@preamble {}
l.2867 \end{tabular}
                    
? 
! Extra }, or forgotten \endgroup.
\endarray ->\crcr \egroup \egroup 
                                  \@arrayright \gdef \@preamble {}
l.2867 \end{tabular}
                    
? 
! Extra }, or forgotten $.
<recently read> \egroup 
                        
l.2867 \end{tabular}
                    
? 
! Missing $ inserted.
<inserted text> 
                $
l.2867 \end{tabular}
                    
? 

Overfull \hbox (1696.56158pt too wide) in paragraph at lines 2843--2868
[][]$$ 
 []


LaTeX Warning: Reference `sub:SubFinance-Normative-Objectives' on page 69 undef
ined on input line 2870.

[69] [70]

Package natbib Warning: Citation `StClair2012' on page 71 undefined on input li
ne 2959.


Package natbib Warning: Citation `Dye_McGuire1997' on page 71 undefined on inpu
t line 2960.


Package natbib Warning: Citation `Poterba_Rueben1995' on page 71 undefined on i
nput line 2961.

[71]

Package natbib Warning: Citation `Getis_Ord1992' on page 72 undefined on input 
line 3005.


Package natbib Warning: Citation `Anselin1995' on page 72 undefined on input li
ne 3006.

[72] <figures/w_def.png, id=574, 1084.05pt x 289.08pt>
File: figures/w_def.png Graphic file (type png)
 <use figures/w_def.png>
Package pdftex.def Info: figures/w_def.png used on input line 3045.
(pdftex.def)             Requested size: 430.00627pt x 114.66835pt.


LaTeX Warning: Reference `fig:Def-Weight-Matrix' on page 73 undefined on input 
line 3050.


LaTeX Warning: Reference `fig:Def-Weight-Matrix' on page 73 undefined on input 
line 3059.


LaTeX Warning: Reference `fig:Variance-in-Weights' on page 73 undefined on inpu
t line 3066.

<figures/decay_curves.png, id=575, 1084.05pt x 433.62pt>
File: figures/decay_curves.png Graphic file (type png)

<use figures/decay_curves.png>
Package pdftex.def Info: figures/decay_curves.png used on input line 3074.
(pdftex.def)             Requested size: 430.00627pt x 172.00253pt.
 [73 <./figures/w_def.png>]

LaTeX Warning: Reference `alg:Local-Moran's-I' on page 74 undefined on input li
ne 3102.


LaTeX Warning: Reference `fig:LMI-Values' on page 74 undefined on input line 31
11.

<figures/Moran_colors.png, id=582, 1084.05pt x 361.35pt>
File: figures/Moran_colors.png Graphic file (type png)

<use figures/Moran_colors.png>
Package pdftex.def Info: figures/Moran_colors.png used on input line 3128.
(pdftex.def)             Requested size: 430.00627pt x 143.33543pt.


Package natbib Warning: Citation `Anselin1995' on page 74 undefined on input li
ne 3132.


LaTeX Warning: Reference `alg:Getis-Ord-G' on page 74 undefined on input line 3
136.


LaTeX Warning: Reference `fig:GOG-Values' on page 74 undefined on input line 31
40.

[74 <./figures/decay_curves.png>]
<figures/GO_colors.png, id=590, 1084.05pt x 361.35pt>
File: figures/GO_colors.png Graphic file (type png)

<use figures/GO_colors.png>
Package pdftex.def Info: figures/GO_colors.png used on input line 3157.
(pdftex.def)             Requested size: 430.00627pt x 143.33543pt.


Package natbib Warning: Citation `Tsay2005' on page 75 undefined on input line 
3194.


LaTeX Warning: Reference `sub:Weight-Matrices' on page 75 undefined on input li
ne 3194.

[75 <./figures/Moran_colors.png>]

LaTeX Warning: Reference `fig:LMI-Plots' on page 76 undefined on input line 319
8.


LaTeX Warning: Reference `fig:GOG-Plots' on page 76 undefined on input line 320
0.

<figures/moranIPlot_nt.png, id=606, 903.375pt x 621.32124pt>
File: figures/moranIPlot_nt.png Graphic file (type png)

<use figures/moranIPlot_nt.png>
Package pdftex.def Info: figures/moranIPlot_nt.png used on input line 3211.
(pdftex.def)             Requested size: 430.00627pt x 295.75638pt.

<figures/Mi_plot_ap_nt.png, id=607, 841.1425pt x 579.16376pt>
File: figures/Mi_plot_ap_nt.png Graphic file (type png)

<use figures/Mi_plot_ap_nt.png>
Package pdftex.def Info: figures/Mi_plot_ap_nt.png used on input line 3214.
(pdftex.def)             Requested size: 430.00627pt x 296.07658pt.

<figures/goGPlot_nt.png, id=608, 928.46875pt x 638.385pt>
File: figures/goGPlot_nt.png Graphic file (type png)

<use figures/goGPlot_nt.png>
Package pdftex.def Info: figures/goGPlot_nt.png used on input line 3223.
(pdftex.def)             Requested size: 430.00627pt x 295.6673pt.

<figures/GO_plot_ap_nt.png, id=609, 841.1425pt x 579.16376pt>
File: figures/GO_plot_ap_nt.png Graphic file (type png)

<use figures/GO_plot_ap_nt.png>
Package pdftex.def Info: figures/GO_plot_ap_nt.png used on input line 3226.
(pdftex.def)             Requested size: 430.00627pt x 296.07658pt.
 [76 <./figures/GO_colors.png>]

LaTeX Warning: Reference `fig:LMI-Plots' on page 77 undefined on input line 325
3.


LaTeX Warning: Reference `fig:GOG-Plots' on page 77 undefined on input line 325
3.

[77]

Package natbib Warning: Citation `Hoover1994' on page 78 undefined on input lin
e 3330.

[78]

Package natbib Warning: Citation `Hoover1994' on page 79 undefined on input lin
e 3369.


Package natbib Warning: Citation `LegStaff2003' on page 79 undefined on input l
ine 3408.

[79]
Overfull \hbox (0.76866pt too wide) in paragraph at lines 3427--3434
[]\T1/cmr/m/n/10 captures the pro-por-
 []


Overfull \hbox (8.8781pt too wide) in paragraph at lines 3438--3442
[]\T1/cmr/m/n/10 captures the county-specific
 []

<figures/converge_indep_corrplot.png, id=638, 1084.05pt x 722.7pt>
File: figures/converge_indep_corrplot.png Graphic file (type png)

<use figures/converge_indep_corrplot.png>
Package pdftex.def Info: figures/converge_indep_corrplot.png used on input line
 3454.
(pdftex.def)             Requested size: 365.50795pt x 243.67465pt.
 [80]
<figures/converge_pooled_ols.png, id=645, 1300.86pt x 289.08pt>
File: figures/converge_pooled_ols.png Graphic file (type png)

<use figures/converge_pooled_ols.png>
Package pdftex.def Info: figures/converge_pooled_ols.png used on input line 351
0.
(pdftex.def)             Requested size: 430.00627pt x 95.55548pt.
 [81]

LaTeX Warning: Reference `sub:Weight-Matrices' on page 82 undefined on input li
ne 3535.

<figures/converge_LISAs.png, id=656, 1300.86pt x 578.16pt>
File: figures/converge_LISAs.png Graphic file (type png)

<use figures/converge_LISAs.png>
Package pdftex.def Info: figures/converge_LISAs.png used on input line 3553.
(pdftex.def)             Requested size: 430.00627pt x 191.11098pt.
 [82]
<figures/converge_slm_rev.png, id=662, 1300.86pt x 867.24pt>
File: figures/converge_slm_rev.png Graphic file (type png)

<use figures/converge_slm_rev.png>
Package pdftex.def Info: figures/converge_slm_rev.png used on input line 3618.
(pdftex.def)             Requested size: 430.00627pt x 286.66647pt.
 [83]
<figures/converge_slm_econ.png, id=670, 1300.86pt x 722.7pt>
File: figures/converge_slm_econ.png Graphic file (type png)

<use figures/converge_slm_econ.png>
Package pdftex.def Info: figures/converge_slm_econ.png used on input line 3661.

(pdftex.def)             Requested size: 430.00627pt x 238.88872pt.

<figures/converge_fe_panel.png, id=671, 1300.86pt x 361.35pt>
File: figures/converge_fe_panel.png Graphic file (type png)

<use figures/converge_fe_panel.png>
Package pdftex.def Info: figures/converge_fe_panel.png used on input line 3686.

(pdftex.def)             Requested size: 430.00627pt x 119.44437pt.


LaTeX Warning: Reference `tab:FE-Rev-Table' on page 84 undefined on input line 
3690.


LaTeX Warning: Reference `tab:FE-Econ-Table' on page 84 undefined on input line
 3691.


Underfull \hbox (badness 2608) in paragraph at lines 3755--3757
[]\T1/cmr/m/n/10 TELS ARE AC-TU-ALLY CON-STRAIN-ING THE COUN-TIES WITH THE GREA
T-EST
 []


Underfull \vbox (badness 3343) has occurred while \output is active []

 [84]
[85] [86] [87 <./figures/moranIPlot_nt.png> <./figures/Mi_plot_ap_nt.png>]
[88 <./figures/goGPlot_nt.png> <./figures/GO_plot_ap_nt.png>] [89 <./figures/co
nverge_indep_corrplot.png> <./figures/converge_pooled_ols.png>] [90 <./figures/
converge_LISAs.png> <./figures/converge_slm_rev.png>] [91 <./figures/converge_s
lm_econ.png> <./figures/converge_fe_panel.png>]
Chapter 6.

LaTeX Warning: Reference `chap:RevYieldCapacity' on page 92 undefined on input 
line 3815.


LaTeX Warning: Reference `sub:Duality-in-Public-Finance' on page 92 undefined o
n input line 3819.


LaTeX Warning: Reference `chap:RevYieldCapacity' on page 92 undefined on input 
line 3829.


LaTeX Warning: Reference `sub:Econometrics-as-Observation' on page 92 undefined
 on input line 3847.


Underfull \vbox (badness 3930) has occurred while \output is active []

 [92


]

Package natbib Warning: Citation `Samuelson1954' on page 93 undefined on input 
line 3853.


Package natbib Warning: Citation `Tiebout1956' on page 93 undefined on input li
ne 3867.

[93]

Package natbib Warning: Citation `Mullins2004' on page 94 undefined on input li
ne 3902.

[94]

LaTeX Warning: Reference `chap:RevYieldCapacity' on page 95 undefined on input 
line 3981.

[95]

LaTeX Warning: Reference `fig:Fiscal-Position-Concept' on page 96 undefined on 
input line 4026.

<figures/fisc_pos_concept.png, id=752, 433.62pt x 433.62pt>
File: figures/fisc_pos_concept.png Graphic file (type png)

<use figures/fisc_pos_concept.png>
Package pdftex.def Info: figures/fisc_pos_concept.png used on input line 4037.
(pdftex.def)             Requested size: 301.00307pt x 301.01765pt.
 [96]

LaTeX Warning: Reference `tab:Subgroups-for-Track-1a' on page 97 undefined on i
nput line 4110.


LaTeX Warning: Reference `par:Selection-of-Expenditure-Subgroups' on page 97 un
defined on input line 4145.

[97]

LaTeX Warning: Reference `tab:Subgroups-for-Track-1a' on page 98 undefined on i
nput line 4150.


LaTeX Warning: Reference `fig:Distribution-of-Subgroup-Proportions' on page 98 
undefined on input line 4161.

<figures/exp_subgroup_dist.png, id=768, 1084.05pt x 451.6875pt>
File: figures/exp_subgroup_dist.png Graphic file (type png)

<use figures/exp_subgroup_dist.png>
Package pdftex.def Info: figures/exp_subgroup_dist.png used on input line 4169.

(pdftex.def)             Requested size: 430.00627pt x 179.1693pt.


LaTeX Warning: Reference `fig:Intensity-vs-Exp-Subgroup' on page 98 undefined o
n input line 4186.

<figures/COTEL_intensity_vs_exp_subgroups.png, id=769, 1445.4pt x 903.375pt>
File: figures/COTEL_intensity_vs_exp_subgroups.png Graphic file (type png)

<use figures/COTEL_intensity_vs_exp_subgroups.png>
Package pdftex.def Info: figures/COTEL_intensity_vs_exp_subgroups.png used on i
nput line 4195.
(pdftex.def)             Requested size: 430.00627pt x 268.75395pt.
 [98]

LaTeX Warning: Reference `alg:k-Means-Clustering' on page 99 undefined on input
 line 4222.

Package hyperref Info: bookmark level for unknown algorithm defaults to 0 on in
put line 4229.

LaTeX Warning: Reference `sub:Defining-Fiscal-Space' on page 99 undefined on in
put line 4255.


LaTeX Warning: Reference `fig:Well-Behaved-Clusters' on page 99 undefined on in
put line 4257.

<figures/kmeans_ideal.png, id=778, 578.16pt x 433.62pt>
File: figures/kmeans_ideal.png Graphic file (type png)

<use figures/kmeans_ideal.png>
Package pdftex.def Info: figures/kmeans_ideal.png used on input line 4268.
(pdftex.def)             Requested size: 430.00627pt x 322.50143pt.


LaTeX Warning: Reference `fig:Variation-in-Exp-PCA' on page 99 undefined on inp
ut line 4289.

[99] <figures/exp_pca.png, id=786, 1445.4pt x 722.7pt>
File: figures/exp_pca.png Graphic file (type png)

<use figures/exp_pca.png>
Package pdftex.def Info: figures/exp_pca.png used on input line 4297.
(pdftex.def)             Requested size: 430.00627pt x 215.00316pt.


LaTeX Warning: Reference `fig:Fiscal-Positions-1975' on page 100 undefined on i
nput line 4321.

<figures/fisc_pos1975.png, id=788, 1806.75pt x 542.025pt>
File: figures/fisc_pos1975.png Graphic file (type png)

<use figures/fisc_pos1975.png>
Package pdftex.def Info: figures/fisc_pos1975.png used on input line 4330.
(pdftex.def)             Requested size: 430.00627pt x 128.99693pt.
 [100]
<figures/fisc_pos1975_k5.png, id=796, 722.7pt x 542.025pt>
File: figures/fisc_pos1975_k5.png Graphic file (type png)

<use figures/fisc_pos1975_k5.png>
Package pdftex.def Info: figures/fisc_pos1975_k5.png used on input line 4382.
(pdftex.def)             Requested size: 430.00627pt x 322.50473pt.


LaTeX Warning: Reference `chap:RevYieldCapacity' on page 101 undefined on input
 line 4395.


LaTeX Warning: Reference `fig:Within-Cluster-Variation' on page 101 undefined o
n input line 4401.

<figures/clust_dist_variance.png, id=798, 1626.075pt x 903.375pt>
File: figures/clust_dist_variance.png Graphic file (type png)

<use figures/clust_dist_variance.png>
Package pdftex.def Info: figures/clust_dist_variance.png used on input line 441
1.
(pdftex.def)             Requested size: 430.00627pt x 238.88321pt.


LaTeX Warning: Reference `fig:Within-Cluster-Variation-by-Year' on page 101 und
efined on input line 4417.

<figures/clust_dist_variance_yr.png, id=799, 1355.0625pt x 451.6875pt>
File: figures/clust_dist_variance_yr.png Graphic file (type png)

<use figures/clust_dist_variance_yr.png>
Package pdftex.def Info: figures/clust_dist_variance_yr.png used on input line 
4428.
(pdftex.def)             Requested size: 430.00627pt x 143.3368pt.


LaTeX Warning: Reference `fig:cty-clust-dist-var' on page 101 undefined on inpu
t line 4436.

<figures/clustDist_var_cty.png, id=800, 1084.05pt x 1806.75pt>
File: figures/clustDist_var_cty.png Graphic file (type png)

<use figures/clustDist_var_cty.png>
Package pdftex.def Info: figures/clustDist_var_cty.png used on input line 4450.

(pdftex.def)             Requested size: 344.00632pt x 573.34729pt.


LaTeX Warning: Float too large for page by 10.8399pt on input line 4457.


LaTeX Warning: Reference `fig:cty-clust-dist-var' on page 101 undefined on inpu
t line 4465.

[101]

LaTeX Warning: Reference `sub:Typification-Reasonable' on page 102 undefined on
 input line 4471.


Package natbib Warning: Citation `Hoover1994' on page 102 undefined on input li
ne 4483.


LaTeX Warning: Reference `sub:Typification-Reasonable' on page 102 undefined on
 input line 4506.


LaTeX Warning: Reference `mod:exp_impact' on page 102 undefined on input line 4
519.


Package natbib Warning: Citation `Joyce_Mullins1991' on page 102 undefined on i
nput line 4524.


Underfull \vbox (badness 10000) has occurred while \output is active []

 [102]
Underfull \vbox (badness 1320) has occurred while \output is active []

 [103]

LaTeX Warning: Reference `mod:clust-dist-model' on page 104 undefined on input 
line 4594.


LaTeX Warning: Float too large for page by 72.13446pt on input line 4650.


LaTeX Warning: Reference `mod:clust-dist-model' on page 104 undefined on input 
line 4653.


LaTeX Warning: Reference `fig:Var-Variation-Full' on page 104 undefined on inpu
t line 4670.

<figures/ExpDiv_varCorr.png, id=822, 1806.75pt x 722.7pt>
File: figures/ExpDiv_varCorr.png Graphic file (type png)

<use figures/ExpDiv_varCorr.png>
Package pdftex.def Info: figures/ExpDiv_varCorr.png used on input line 4682.
(pdftex.def)             Requested size: 430.00627pt x 171.99591pt.
 [104] [105]

LaTeX Warning: Reference `fig:Var-Variation-Alt-Dist' on page 106 undefined on 
input line 4702.

<figures/ExpDiv_varCorr_PCA.png, id=835, 571.13374pt x 513.92pt>
File: figures/ExpDiv_varCorr_PCA.png Graphic file (type png)

<use figures/ExpDiv_varCorr_PCA.png>
Package pdftex.def Info: figures/ExpDiv_varCorr_PCA.png used on input line 4717
.
(pdftex.def)             Requested size: 171.99988pt x 154.76532pt.

<figures/ExpDiv_varCorr_bivFilt.png, id=836, 571.13374pt x 513.92pt>
File: figures/ExpDiv_varCorr_bivFilt.png Graphic file (type png)

<use figures/ExpDiv_varCorr_bivFilt.png>
Package pdftex.def Info: figures/ExpDiv_varCorr_bivFilt.png used on input line 
4717.
(pdftex.def)             Requested size: 171.99988pt x 154.76532pt.

<figures/ExpDiv_ctyVar_distCalc.png, id=837, 1355.0625pt x 1355.0625pt>
File: figures/ExpDiv_ctyVar_distCalc.png Graphic file (type png)

<use figures/ExpDiv_ctyVar_distCalc.png>
Package pdftex.def Info: figures/ExpDiv_ctyVar_distCalc.png used on input line 
4748.
(pdftex.def)             Requested size: 430.00627pt x 430.01047pt.


LaTeX Warning: Reference `fig:clust-dist-by-method' on page 106 undefined on in
put line 4758.


LaTeX Warning: Reference `sub:Econometrics-as-Observation' on page 106 undefine
d on input line 4768.

[106] [107 <./figures/fisc_pos_concept.png>] [108 <./figures/exp_subgroup_dist.
png> <./figures/COTEL_intensity_vs_exp_subgroups.png>] [109 <./figures/kmeans_i
deal.png>] [110 <./figures/exp_pca.png> <./figures/fisc_pos1975.png>] [111 <./f
igures/fisc_pos1975_k5.png>] [112 <./figures/clust_dist_variance.png> <./figure
s/clust_dist_variance_yr.png>] [113 <./figures/clustDist_var_cty.png>] [114 <./
figures/ExpDiv_varCorr.png> <./figures/ExpDiv_varCorr_PCA.png> <./figures/ExpDi
v_varCorr_bivFilt.png>] [115 <./figures/ExpDiv_ctyVar_distCalc.png>]

LaTeX Warning: Reference `mod:clust-dist-model' on page 116 undefined on input 
line 4775.


LaTeX Warning: Reference `mod:Cross-Sectional-Estimation-of-Exp-Diverg' on page
 116 undefined on input line 4784.


LaTeX Warning: Reference `alg:Local-Moran's-I' on page 116 undefined on input l
ine 4822.


LaTeX Warning: Reference `fig:Moran's-I-dist_clust-yr' on page 116 undefined on
 input line 4826.


LaTeX Warning: Reference `sub:Defining-Fiscal-Space' on page 116 undefined on i
nput line 4830.


Underfull \vbox (badness 2478) has occurred while \output is active []

 [116

]
<figures/ExpDiv_CD_Moran.png, id=905, 1264.725pt x 2258.4375pt>
File: figures/ExpDiv_CD_Moran.png Graphic file (type png)

<use figures/ExpDiv_CD_Moran.png>
Package pdftex.def Info: figures/ExpDiv_CD_Moran.png used on input line 4842.
(pdftex.def)             Requested size: 430.00627pt x 767.8586pt.


LaTeX Warning: Float too large for page by 266.02657pt on input line 4852.


LaTeX Warning: Reference `fig:Moran's-I-dist_clust-yr' on page 117 undefined on
 input line 4855.

<figures/ExpDiv_Dist_Distributions.png, id=906, 808.01875pt x 724.7075pt>
File: figures/ExpDiv_Dist_Distributions.png Graphic file (type png)

<use figures/ExpDiv_Dist_Distributions.png>
Package pdftex.def Info: figures/ExpDiv_Dist_Distributions.png used on input li
ne 4873.
(pdftex.def)             Requested size: 430.00627pt x 385.67445pt.


LaTeX Warning: Reference `fig:Spatial-Lag-Model' on page 117 undefined on input
 line 4880.

<figures/ExpDiv_SLM_by_year.png, id=908, 747.79375pt x 1056.94875pt>
File: figures/ExpDiv_SLM_by_year.png Graphic file (type png)

<use figures/ExpDiv_SLM_by_year.png>
Package pdftex.def Info: figures/ExpDiv_SLM_by_year.png used on input line 4892
.
(pdftex.def)             Requested size: 430.00627pt x 607.7892pt.


LaTeX Warning: Float too large for page by 3.25789pt on input line 4893.


LaTeX Warning: Reference `fig:Spatial-Lag-Model' on page 117 undefined on input
 line 4900.

[117] [118 <./figures/ExpDiv_CD_Moran.png>] [119 <./figures/ExpDiv_Dist_Distrib
utions.png>] [120 <./figures/ExpDiv_SLM_by_year.png>]

Package natbib Warning: Citation `Mill1836' on page 121 undefined on input line
 4911.


LaTeX Warning: Reference `alg:Shrinkage-Methods' on page 121 undefined on input
 line 4931.


LaTeX Warning: Reference `fig:LASSO-full-avg' on page 121 undefined on input li
ne 4992.


Underfull \vbox (badness 10000) has occurred while \output is active []

 [121

]
<figures/ExpDiv_Lasso_avg.png, id=938, 808.01875pt x 724.7075pt>
File: figures/ExpDiv_Lasso_avg.png Graphic file (type png)

<use figures/ExpDiv_Lasso_avg.png>
Package pdftex.def Info: figures/ExpDiv_Lasso_avg.png used on input line 5014.
(pdftex.def)             Requested size: 430.00627pt x 385.67445pt.


LaTeX Warning: Reference `fig:LASSO-Scores-by-measure' on page 122 undefined on
 input line 5019.

<figures/ExpDiv_Lasso_Scores_by_imp.png, id=939, 808.01875pt x 724.7075pt>
File: figures/ExpDiv_Lasso_Scores_by_imp.png Graphic file (type png)

<use figures/ExpDiv_Lasso_Scores_by_imp.png>
Package pdftex.def Info: figures/ExpDiv_Lasso_Scores_by_imp.png used on input l
ine 5034.
(pdftex.def)             Requested size: 430.00627pt x 385.67445pt.
 [122]

LaTeX Warning: Reference `fig:LASSO-Estimates-by-measure' on page 123 undefined
 on input line 5042.


Underfull \vbox (badness 2269) has occurred while \output is active []

 [123 <./figures/ExpDiv_Lasso_avg.png>]
<figures/ExpDiv_lasso_coef_by_dist.png, id=953, 808.01875pt x 724.7075pt>
File: figures/ExpDiv_lasso_coef_by_dist.png Graphic file (type png)

<use figures/ExpDiv_lasso_coef_by_dist.png>
Package pdftex.def Info: figures/ExpDiv_lasso_coef_by_dist.png used on input li
ne 5062.
(pdftex.def)             Requested size: 430.00627pt x 385.67445pt.
 [124 <./figures/ExpDiv_Lasso_Scores_by_imp.png>] [125 <./figures/ExpDiv_lasso_
coef_by_dist.png>]

LaTeX Warning: Reference `sub:ExpDiv-Cross-Sectional-Models' on page 126 undefi
ned on input line 5073.


LaTeX Warning: Reference `sub:ExpDiv-Cross-Sectional-Models' on page 126 undefi
ned on input line 5079.


LaTeX Warning: Reference `fig:Comparison-of-Residual-behavior' on page 126 unde
fined on input line 5088.


LaTeX Warning: Reference `fig:Pooled-Residuals-by-county' on page 126 undefined
 on input line 5092.

<figures/ExpDiv_res_pool_density.png, id=968, 808.01875pt x 724.7075pt>
File: figures/ExpDiv_res_pool_density.png Graphic file (type png)

<use figures/ExpDiv_res_pool_density.png>
Package pdftex.def Info: figures/ExpDiv_res_pool_density.png used on input line
 5106.
(pdftex.def)             Requested size: 193.5015pt x 173.54631pt.

<figures/ExpDiv_res_fe_density.png, id=969, 808.01875pt x 724.7075pt>
File: figures/ExpDiv_res_fe_density.png Graphic file (type png)

<use figures/ExpDiv_res_fe_density.png>
Package pdftex.def Info: figures/ExpDiv_res_fe_density.png used on input line 5
106.
(pdftex.def)             Requested size: 193.5015pt x 173.54631pt.

<figures/ExpDiv_res_pool_plot_cty.png, id=970, 808.01875pt x 724.7075pt>
File: figures/ExpDiv_res_pool_plot_cty.png Graphic file (type png)

<use figures/ExpDiv_res_pool_plot_cty.png>
Package pdftex.def Info: figures/ExpDiv_res_pool_plot_cty.png used on input lin
e 5116.
(pdftex.def)             Requested size: 430.00627pt x 385.67445pt.


LaTeX Warning: Reference `tab:Pooled-OLS-Results' on page 126 undefined on inpu
t line 5121.

[126

 <./figures/ExpDiv_res_pool_density.png> <./figures/ExpDiv_res_fe_density.png>]

Underfull \vbox (badness 7649) has occurred while \output is active []

 [127 <./figures/ExpDiv_res_pool_plot_cty.png>]

LaTeX Warning: Reference `tab:Fixed-Effect-Results-county' on page 128 undefine
d on input line 5152.


LaTeX Warning: Reference `tab:Fixed-Effect-Results-county-year' on page 128 und
efined on input line 5154.


LaTeX Warning: Reference `sub:ExpDiv-Cross-Sectional-Models' on page 128 undefi
ned on input line 5168.

[128]

LaTeX Warning: Reference `sub:Econometrics-as-Observation' on page 129 undefine
d on input line 5194.

[129] [130]
Chapter 7.

LaTeX Warning: Reference `sub:TELs-as-democracy' on page 131 undefined on input
 line 5239.


LaTeX Warning: Reference `chap:RevYieldCapacity' on page 131 undefined on input
 line 5244.


LaTeX Warning: Reference `chap:Expenditure-Patterns' on page 131 undefined on i
nput line 5244.


Underfull \vbox (badness 1881) has occurred while \output is active []

 [131


]

Package natbib Warning: Citation `Tiebout1956' on page 132 undefined on input l
ine 5278.


LaTeX Warning: Reference `sub:Ballot-as-Choice' on page 132 undefined on input 
line 5316.

[132] [133]

LaTeX Warning: Reference `alg:WARP' on page 134 undefined on input line 5366.

[134]

LaTeX Warning: Reference `fig:Utility-Functions' on page 135 undefined on input
 line 5443.

<figures/utility_1d_goods_compare.png, id=1030, 542.025pt x 542.025pt>
File: figures/utility_1d_goods_compare.png Graphic file (type png)

<use figures/utility_1d_goods_compare.png>
Package pdftex.def Info: figures/utility_1d_goods_compare.png used on input lin
e 5457.
(pdftex.def)             Requested size: 344.00632pt x 344.01663pt.


LaTeX Warning: Reference `fig:2-D-Utility-Functions' on page 135 undefined on i
nput line 5468.


Package natbib Warning: Citation `Hastie_Tibshirani_Friedman2008' on page 135 u
ndefined on input line 5488.

[135] <figures/utility_itemA_frontier.png, id=1038, 722.7pt x 722.7pt>
File: figures/utility_itemA_frontier.png Graphic file (type png)

<use figures/utility_itemA_frontier.png>
Package pdftex.def Info: figures/utility_itemA_frontier.png used on input line 
5502.
(pdftex.def)             Requested size: 193.5015pt x 193.49953pt.

<figures/utility_itemB_frontier.png, id=1039, 722.7pt x 722.7pt>
File: figures/utility_itemB_frontier.png Graphic file (type png)

<use figures/utility_itemB_frontier.png>
Package pdftex.def Info: figures/utility_itemB_frontier.png used on input line 
5502.
(pdftex.def)             Requested size: 193.5015pt x 193.49953pt.

<figures/utility_itemsAB_frontier.png, id=1040, 722.7pt x 722.7pt>
File: figures/utility_itemsAB_frontier.png Graphic file (type png)

<use figures/utility_itemsAB_frontier.png>
Package pdftex.def Info: figures/utility_itemsAB_frontier.png used on input lin
e 5506.
(pdftex.def)             Requested size: 344.00632pt x 344.00285pt.


LaTeX Warning: Reference `fig:Utility-Functions' on page 136 undefined on input
 line 5510.


LaTeX Warning: Float too large for page by 6.07246pt on input line 5514.

[136]

LaTeX Warning: Reference `fig:DeBrucing-Votes-(1993-2009)' on page 137 undefine
d on input line 5565.

<figures/results_dist.png, id=1051, 867.24pt x 361.35pt>
File: figures/results_dist.png Graphic file (type png)

<use figures/results_dist.png>
Package pdftex.def Info: figures/results_dist.png used on input line 5575.
(pdftex.def)             Requested size: 430.00627pt x 179.1693pt.

<figures/vote_counts.png, id=1052, 1011.78pt x 289.08pt>
File: figures/vote_counts.png Graphic file (type png)

<use figures/vote_counts.png>
Package pdftex.def Info: figures/vote_counts.png used on input line 5578.
(pdftex.def)             Requested size: 430.00627pt x 122.85957pt.


LaTeX Warning: Reference `sub:TEL-operationalization' on page 137 undefined on 
input line 5586.

[137]

Package natbib Warning: Citation `Tiebout1956' on page 138 undefined on input l
ine 5670.

[138] [139]

LaTeX Warning: Reference `fig:Voting-Outcomes-PCA' on page 140 undefined on inp
ut line 5727.


LaTeX Warning: Reference `fig:Voting-Outcomes-PCA' on page 140 undefined on inp
ut line 5742.


Package natbib Warning: Citation `hardle2007estimating' on page 140 undefined o
n input line 5742.


LaTeX Warning: Reference `fig:Voting-Outcomes-PCA' on page 140 undefined on inp
ut line 5746.

<figures/votes_pca_view.png, id=1077, 1300.86pt x 578.16pt>
File: figures/votes_pca_view.png Graphic file (type png)

<use figures/votes_pca_view.png>
Package pdftex.def Info: figures/votes_pca_view.png used on input line 5754.
(pdftex.def)             Requested size: 430.00627pt x 191.11098pt.


LaTeX Warning: Reference `fig:Voting-Outcomes-PCA' on page 140 undefined on inp
ut line 5775.


Package natbib Warning: Citation `Hastie_Tibshirani_Friedman2008' on page 140 u
ndefined on input line 5780.

[140]

Package natbib Warning: Citation `cutler1999restraining' on page 141 undefined 
on input line 5814.

<figures/vote_probs.png, id=1088, 1084.05pt x 361.35pt>
File: figures/vote_probs.png Graphic file (type png)

<use figures/vote_probs.png>
Package pdftex.def Info: figures/vote_probs.png used on input line 5823.
(pdftex.def)             Requested size: 430.00627pt x 143.33543pt.


LaTeX Warning: Reference `fig:Probability-of-Successful-Vote-Passage' on page 1
41 undefined on input line 5830.


Underfull \vbox (badness 10000) has occurred while \output is active []

 [141]

LaTeX Warning: Reference `tab:Revenue-Source-Variables' on page 142 undefined o
n input line 5853.


LaTeX Warning: Reference `tab:Spending-Target-Variables' on page 142 undefined 
on input line 5854.


LaTeX Warning: Reference `tab:Scope-of-Change-Variables' on page 142 undefined 
on input line 5855.


Overfull \hbox (18.39998pt too wide) in alignment at lines 5908--5937
[] [] 
 []

[142]
Underfull \vbox (badness 10000) has occurred while \output is active []

 [143]
<figures/ols_resid_by_obs.png, id=1107, 1300.86pt x 361.35pt>
File: figures/ols_resid_by_obs.png Graphic file (type png)

<use figures/ols_resid_by_obs.png>
Package pdftex.def Info: figures/ols_resid_by_obs.png used on input line 6008.
(pdftex.def)             Requested size: 430.00627pt x 119.44437pt.

<figures/ols_resid_dist.png, id=1108, 1300.86pt x 361.35pt>
File: figures/ols_resid_dist.png Graphic file (type png)

<use figures/ols_resid_dist.png>
Package pdftex.def Info: figures/ols_resid_dist.png used on input line 6011.
(pdftex.def)             Requested size: 430.00627pt x 119.44437pt.

<figures/ballot_design_results.png, id=1109, 642.14906pt x 529.98pt>
File: figures/ballot_design_results.png Graphic file (type png)

<use figures/ballot_design_results.png>
Package pdftex.def Info: figures/ballot_design_results.png used on input line 6
028.
(pdftex.def)             Requested size: 430.00627pt x 354.89874pt.


LaTeX Warning: Reference `fig:Ballot-Design-Results' on page 144 undefined on i
nput line 6036.


Underfull \vbox (badness 2181) has occurred while \output is active []

 [144]
Overfull \hbox (24.99387pt too wide) in paragraph at lines 6074--6077
[]\T1/cmr/m/n/10 Proposals seek-ing to im-prove the func-tion of gov-ern-ment w
ith com-mis-sions or stud-ies ($\OML/cmm/m/it/10 administrative$\T1/cmr/m/n/10 
)
 []

[145] [146] [147 <./figures/utility_1d_goods_compare.png>] [148 <./figures/util
ity_itemA_frontier.png> <./figures/utility_itemB_frontier.png> <./figures/utili
ty_itemsAB_frontier.png>] [149 <./figures/results_dist.png> <./figures/vote_cou
nts.png>] [150 <./figures/votes_pca_view.png> <./figures/vote_probs.png>]
[151 <./figures/ols_resid_by_obs.png> <./figures/ols_resid_dist.png>] [152 <./f
igures/ballot_design_results.png>]
Chapter 8.

Package natbib Warning: Citation `Mullins2004' on page 153 undefined on input l
ine 6165.

[153


]

LaTeX Warning: Reference `chap:RevYieldCapacity' on page 154 undefined on input
 line 6172.


LaTeX Warning: Reference `chap:Expenditure-Patterns' on page 154 undefined on i
nput line 6177.


LaTeX Warning: Reference `chap:DeBrucing' on page 154 undefined on input line 6
182.

[154]
Chapter 9.

LaTeX Warning: Reference `chap:SubFinUS' on page 155 undefined on input line 62
04.


Package hyperref Warning: Difference (2) between bookmark levels is greater 
(hyperref)                than one, level fixed on input line 6211.


Package hyperref Warning: Difference (2) between bookmark levels is greater 
(hyperref)                than one, level fixed on input line 6218.


Package natbib Warning: Citation `Bowman2009' on page 155 undefined on input li
ne 6226.

[155

]

Package natbib Warning: Citation `Bowman2008' on page 156 undefined on input li
ne 6251.


Package natbib Warning: Citation `Lyons_Farkas_Johnson2007' on page 156 undefin
ed on input line 6261.


Package natbib Warning: Citation `Bowman2009' on page 156 undefined on input li
ne 6271.


Package natbib Warning: Citation `Fisher1996' on page 156 undefined on input li
ne 6275.

[156]

Package natbib Warning: Citation `Fisher1996' on page 157 undefined on input li
ne 6306.


Package natbib Warning: Citation `Gervais2002' on page 157 undefined on input l
ine 6317.


Package natbib Warning: Citation `Dye_McGuire_Merriman2001' on page 157 undefin
ed on input line 6324.

[157]

Package natbib Warning: Citation `Fullerton1999' on page 158 undefined on input
 line 6369.


Package natbib Warning: Citation `Bowman2009' on page 158 undefined on input li
ne 6376.


Package natbib Warning: Citation `Musgrave1979' on page 158 undefined on input 
line 6400.


Package natbib Warning: Citation `Florestano1981' on page 158 undefined on inpu
t line 6405.


Package natbib Warning: Citation `Mullins2002' on page 158 undefined on input l
ine 6409.


Package natbib Warning: Citation `Cornia_Walters2005' on page 158 undefined on 
input line 6411.


Package natbib Warning: Citation `Cornia_Walters2006' on page 158 undefined on 
input line 6412.


Package natbib Warning: Citation `Springer_Lusby_Leatherman_Featherstone2009' o
n page 158 undefined on input line 6418.

[158]

Package natbib Warning: Citation `Gold1981' on page 159 undefined on input line
 6443.


Package natbib Warning: Citation `Sexton2003' on page 159 undefined on input li
ne 6444.

[159]

Package natbib Warning: Citation `Mikesell_Mullins2008' on page 160 undefined o
n input line 6460.


Package natbib Warning: Citation `IAAO2005' on page 160 undefined on input line
 6461.


Package natbib Warning: Citation `Dillon1873' on page 160 undefined on input li
ne 6484.


Package natbib Warning: Citation `Cooley_McLaughlin1898' on page 160 undefined 
on input line 6506.

[160]

Package natbib Warning: Citation `Rooney2002' on page 161 undefined on input li
ne 6534.


Package natbib Warning: Citation `Rooney2002' on page 161 undefined on input li
ne 6548.


Package natbib Warning: Citation `Banovetz2002' on page 161 undefined on input 
line 6551.


Package natbib Warning: Citation `Dye_McGuire1997' on page 161 undefined on inp
ut line 6553.


Package natbib Warning: Citation `Mamet_Allen2012' on page 161 undefined on inp
ut line 6557.


Package natbib Warning: Citation `Bueche2009' on page 161 undefined on input li
ne 6562.

[161] <figures/mhv_by_cty.png, id=1221, 558.085pt x 353.32pt>
File: figures/mhv_by_cty.png Graphic file (type png)

<use figures/mhv_by_cty.png>
Package pdftex.def Info: figures/mhv_by_cty.png used on input line 6582.
(pdftex.def)             Requested size: 430.00627pt x 272.24054pt.


Package natbib Warning: Citation `Fischel1989' on page 162 undefined on input l
ine 6597.

[162 <./figures/mhv_by_cty.png>]
No file diss_content_work.bbl.

Package natbib Warning: There were undefined citations.

Package atveryend Info: Empty hook `BeforeClearDocument' on input line 6610.
[163]
Package atveryend Info: Empty hook `AfterLastShipout' on input line 6610.
 (./diss_content_work.aux)
Package atveryend Info: Executing hook `AtVeryEndDocument' on input line 6610.
Package atveryend Info: Executing hook `AtEndAfterFileList' on input line 6610.



Package rerunfilecheck Warning: File `diss_content_work.out' has changed.
(rerunfilecheck)                Rerun to get outlines right
(rerunfilecheck)                or use package `bookmark'.

Package rerunfilecheck Info: Checksums for `diss_content_work.out':
(rerunfilecheck)             Before: <no file>
(rerunfilecheck)             After:  E7D6A6A2C6B60DBCD9B1CED560DF0617;32119.

LaTeX Warning: There were undefined references.


LaTeX Warning: Label(s) may have changed. Rerun to get cross-references right.

Package atveryend Info: Empty hook `AtVeryVeryEnd' on input line 6610.
 ) 
Here is how much of TeX's memory you used:
 11113 strings out of 495021
 158926 string characters out of 6181344
 226088 words of memory out of 5000000
 13667 multiletter control sequences out of 15000+600000
 25754 words of font info for 61 fonts, out of 8000000 for 9000
 14 hyphenation exceptions out of 8191
 34i,14n,32p,1514b,443s stack positions out of 5000i,500n,10000p,200000b,80000s
 </home/choct155/.texmf-var/fonts/pk/ljfour/jknappen/ec/eccc1000.600pk> </hom
e/choct155/.texmf-var/fonts/pk/ljfour/jknappen/ec/ecrm1440.600pk> </home/choct1
55/.texmf-var/fonts/pk/ljfour/jknappen/ec/ecti0800.600pk> </home/choct155/.texm
f-var/fonts/pk/ljfour/jknappen/ec/ecbx0800.600pk> </home/choct155/.texmf-var/fo
nts/pk/ljfour/jknappen/ec/ecti1000.600pk> </home/choct155/.texmf-var/fonts/pk/l
jfour/jknappen/ec/ecrm0800.600pk> </home/choct155/.texmf-var/fonts/pk/ljfour/jk
nappen/ec/ecrm0700.600pk> </home/choct155/.texmf-var/fonts/pk/ljfour/jknappen/e
c/ecbx1000.600pk> </home/choct155/.texmf-var/fonts/pk/ljfour/jknappen/ec/ecbx20
74.600pk> </home/choct155/.texmf-var/fonts/pk/ljfour/jknappen/ec/ecrm2074.600pk
> </home/choct155/.texmf-var/fonts/pk/ljfour/jknappen/ec/ecrm1200.600pk> </home
/choct155/.texmf-var/fonts/pk/ljfour/jknappen/ec/ecrm0900.600pk> </home/choct15
5/.texmf-var/fonts/pk/ljfour/jknappen/ec/ecrm1000.600pk> </home/choct155/.texmf
-var/fonts/pk/ljfour/jknappen/ec/ecbi1200.600pk> </home/choct155/.texmf-var/fon
ts/pk/ljfour/jknappen/ec/ecbx1200.600pk></usr/share/texlive/texmf-dist/fonts/ty
pe1/public/amsfonts/cm/cmbx10.pfb></usr/share/texlive/texmf-dist/fonts/type1/pu
blic/amsfonts/cm/cmbx7.pfb></usr/share/texlive/texmf-dist/fonts/type1/public/am
sfonts/cm/cmex10.pfb></usr/share/texlive/texmf-dist/fonts/type1/public/amsfonts
/cm/cmmi10.pfb></usr/share/texlive/texmf-dist/fonts/type1/public/amsfonts/cm/cm
mi5.pfb></usr/share/texlive/texmf-dist/fonts/type1/public/amsfonts/cm/cmmi7.pfb
></usr/share/texlive/texmf-dist/fonts/type1/public/amsfonts/cm/cmmi8.pfb></usr/
share/texlive/texmf-dist/fonts/type1/public/amsfonts/cm/cmr10.pfb></usr/share/t
exlive/texmf-dist/fonts/type1/public/amsfonts/cm/cmr5.pfb></usr/share/texlive/t
exmf-dist/fonts/type1/public/amsfonts/cm/cmr6.pfb></usr/share/texlive/texmf-dis
t/fonts/type1/public/amsfonts/cm/cmr7.pfb></usr/share/texlive/texmf-dist/fonts/
type1/public/amsfonts/cm/cmr8.pfb></usr/share/texlive/texmf-dist/fonts/type1/pu
blic/amsfonts/cm/cmsy10.pfb></usr/share/texlive/texmf-dist/fonts/type1/public/a
msfonts/cm/cmsy5.pfb></usr/share/texlive/texmf-dist/fonts/type1/public/amsfonts
/cm/cmsy7.pfb></usr/share/texlive/texmf-dist/fonts/type1/public/amsfonts/cm/cms
y8.pfb>
Output written on diss_content_work.pdf (164 pages, 9728097 bytes).
PDF statistics:
 1971 PDF objects out of 2073 (max. 8388607)
 1123 compressed objects within 12 object streams
 481 named destinations out of 1000 (max. 500000)
 371 words of extra memory for PDF output out of 10000 (max. 10000000)

